PiGPIO version = 51
Traceback (most recent call last):
  File "d6t.py", line 203, in <module>
    sleep(0.16)
KeyboardInterrupt
PiGPIO version = 51
2016-05-09 20:20:27 1
2016-05-09 20:20:27 2
2016-05-09 20:20:27 3
2016-05-09 20:20:27 4
2016-05-09 20:20:27 5
2016-05-09 20:20:28 6
Traceback (most recent call last):
  File "d6t.py", line 203, in <module>
    sleep(0.16)
KeyboardInterrupt
PiGPIO version = 51
Traceback (most recent call last):
  File "d6t.py", line 203, in <module>
    sleep(0.16)
KeyboardInterrupt
PiGPIO version = 51
2016-05-09 20:37:40 1
2016-05-09 20:37:41 2
2016-05-09 20:37:41 3
2016-05-09 20:37:41 4
2016-05-09 20:37:41 5
2016-05-09 20:37:42 6
2016-05-09 20:37:42 7
2016-05-09 20:37:42 8
2016-05-09 20:37:42 9
2016-05-09 20:37:42 10
2016-05-09 20:37:43 11
2016-05-09 20:37:43 1
2016-05-09 20:37:43 12
2016-05-09 20:37:43 2
2016-05-09 20:37:43 13
2016-05-09 20:37:43 3
2016-05-09 20:37:43 14
2016-05-09 20:37:43 15
2016-05-09 20:37:44 16
2016-05-09 20:37:44 17
2016-05-09 20:37:44 18
2016-05-09 20:37:44 19
2016-05-09 20:37:45 20
2016-05-09 20:37:45 21
2016-05-09 20:37:45 22
2016-05-09 20:37:45 23
2016-05-09 20:37:45 24
2016-05-09 20:37:46 25
2016-05-09 20:37:46 26
2016-05-09 20:37:46 4
2016-05-09 20:37:46 27
2016-05-09 20:37:46 28
2016-05-09 20:37:46 29
2016-05-09 20:37:47 30
2016-05-09 20:37:47 31
2016-05-09 20:37:47 32
2016-05-09 20:37:47 33
2016-05-09 20:37:48 34
2016-05-09 20:37:48 5
2016-05-09 20:37:48 35
2016-05-09 20:37:48 36
2016-05-09 20:37:48 37
2016-05-09 20:37:48 38
2016-05-09 20:37:49 39
2016-05-09 20:37:49 40
2016-05-09 20:37:49 41
2016-05-09 20:37:49 42
2016-05-09 20:37:49 43
2016-05-09 20:37:50 44
2016-05-09 20:37:50 45
2016-05-09 20:37:50 46
2016-05-09 20:37:50 47
2016-05-09 20:37:50 6
2016-05-09 20:37:51 48
2016-05-09 20:37:51 49
2016-05-09 20:37:51 50
2016-05-09 20:37:51 7
2016-05-09 20:37:51 51
2016-05-09 20:37:51 8
2016-05-09 20:37:51 52
2016-05-09 20:37:52 9
2016-05-09 20:37:52 53
2016-05-09 20:37:52 54
2016-05-09 20:37:52 55
2016-05-09 20:37:52 56
2016-05-09 20:37:53 57
2016-05-09 20:37:53 58
2016-05-09 20:37:53 59
2016-05-09 20:37:53 60
2016-05-09 20:37:53 61
2016-05-09 20:37:54 62
2016-05-09 20:37:54 63
2016-05-09 20:37:54 64
2016-05-09 20:37:54 65
2016-05-09 20:37:55 66
2016-05-09 20:37:55 67
2016-05-09 20:37:55 68
2016-05-09 20:37:55 69
2016-05-09 20:37:55 70
2016-05-09 20:37:56 71
2016-05-09 20:37:56 72
2016-05-09 20:37:56 73
2016-05-09 20:37:56 74
2016-05-09 20:37:56 75
2016-05-09 20:37:57 76
2016-05-09 20:37:57 10
2016-05-09 20:37:57 77
2016-05-09 20:37:57 78
2016-05-09 20:37:57 79
2016-05-09 20:37:58 80
2016-05-09 20:37:58 81
2016-05-09 20:37:58 82
2016-05-09 20:37:58 83
2016-05-09 20:37:58 84
2016-05-09 20:37:59 85
2016-05-09 20:37:59 86
2016-05-09 20:37:59 87
2016-05-09 20:37:59 88
2016-05-09 20:37:59 89
2016-05-09 20:38:00 90
2016-05-09 20:38:00 91
2016-05-09 20:38:00 11
2016-05-09 20:38:00 92
2016-05-09 20:38:00 93
2016-05-09 20:38:00 94
2016-05-09 20:38:01 95
2016-05-09 20:38:01 96
2016-05-09 20:38:01 97
2016-05-09 20:38:01 98
2016-05-09 20:38:02 99
2016-05-09 20:38:02 100
2016-05-09 20:38:02 101
2016-05-09 20:38:02 102
2016-05-09 20:38:02 103
2016-05-09 20:38:03 104
2016-05-09 20:38:03 105
2016-05-09 20:38:03 106
2016-05-09 20:38:03 107
2016-05-09 20:38:03 108
2016-05-09 20:38:04 109
2016-05-09 20:38:04 110
2016-05-09 20:38:04 111
2016-05-09 20:38:04 112
2016-05-09 20:38:05 113
2016-05-09 20:38:05 114
2016-05-09 20:38:05 115
2016-05-09 20:38:05 116
2016-05-09 20:38:05 117
2016-05-09 20:38:06 118
2016-05-09 20:38:06 119
2016-05-09 20:38:06 120
2016-05-09 20:38:06 121
2016-05-09 20:38:06 122
2016-05-09 20:38:07 123
2016-05-09 20:38:07 124
2016-05-09 20:38:07 125
2016-05-09 20:38:07 126
2016-05-09 20:38:07 127
2016-05-09 20:38:08 128
2016-05-09 20:38:08 129
2016-05-09 20:38:08 12
2016-05-09 20:38:08 130
2016-05-09 20:38:08 131
2016-05-09 20:38:09 132
2016-05-09 20:38:09 133
2016-05-09 20:38:09 134
2016-05-09 20:38:09 135
2016-05-09 20:38:09 136
2016-05-09 20:38:10 137
2016-05-09 20:38:10 138
2016-05-09 20:38:10 139
2016-05-09 20:38:10 140
2016-05-09 20:38:11 141
2016-05-09 20:38:11 142
2016-05-09 20:38:11 143
2016-05-09 20:38:11 144
2016-05-09 20:38:11 145
2016-05-09 20:38:12 146
2016-05-09 20:38:12 147
2016-05-09 20:38:12 148
2016-05-09 20:38:12 149
2016-05-09 20:38:12 150
2016-05-09 20:38:13 151
2016-05-09 20:38:13 152
2016-05-09 20:38:13 153
2016-05-09 20:38:13 154
2016-05-09 20:38:14 155
2016-05-09 20:38:14 156
2016-05-09 20:38:14 157
2016-05-09 20:38:14 13
2016-05-09 20:38:14 158
2016-05-09 20:38:14 14
2016-05-09 20:38:15 159
2016-05-09 20:38:15 15
2016-05-09 20:38:15 160
2016-05-09 20:38:15 161
2016-05-09 20:38:15 162
2016-05-09 20:38:15 163
2016-05-09 20:38:16 164
2016-05-09 20:38:16 165
2016-05-09 20:38:16 166
2016-05-09 20:38:16 167
2016-05-09 20:38:16 168
2016-05-09 20:38:17 169
2016-05-09 20:38:17 170
2016-05-09 20:38:17 171
2016-05-09 20:38:17 172
2016-05-09 20:38:18 173
2016-05-09 20:38:18 174
2016-05-09 20:38:18 175
2016-05-09 20:38:18 176
2016-05-09 20:38:18 177
2016-05-09 20:38:19 178
2016-05-09 20:38:19 179
2016-05-09 20:38:19 180
2016-05-09 20:38:19 181
2016-05-09 20:38:19 182
2016-05-09 20:38:20 183
2016-05-09 20:38:20 184
2016-05-09 20:38:20 185
2016-05-09 20:38:20 186
2016-05-09 20:38:20 187
2016-05-09 20:38:21 188
2016-05-09 20:38:21 189
2016-05-09 20:38:21 190
2016-05-09 20:38:21 191
2016-05-09 20:38:22 192
2016-05-09 20:38:22 193
2016-05-09 20:38:22 194
2016-05-09 20:38:22 195
2016-05-09 20:38:22 196
2016-05-09 20:38:23 197
2016-05-09 20:38:23 198
2016-05-09 20:38:23 199
2016-05-09 20:38:23 16
2016-05-09 20:38:23 200
2016-05-09 20:38:23 201
2016-05-09 20:38:24 202
2016-05-09 20:38:24 203
2016-05-09 20:38:24 17
2016-05-09 20:38:24 204
2016-05-09 20:38:24 205
2016-05-09 20:38:25 206
2016-05-09 20:38:25 18
2016-05-09 20:38:25 207
2016-05-09 20:38:25 208
2016-05-09 20:38:25 209
2016-05-09 20:38:25 210
2016-05-09 20:38:26 211
2016-05-09 20:38:26 212
2016-05-09 20:38:26 213
2016-05-09 20:38:26 214
2016-05-09 20:38:27 215
2016-05-09 20:38:27 216
2016-05-09 20:38:27 217
2016-05-09 20:38:27 218
2016-05-09 20:38:27 219
2016-05-09 20:38:28 220
2016-05-09 20:38:28 221
2016-05-09 20:38:28 222
2016-05-09 20:38:28 223
2016-05-09 20:38:28 224
2016-05-09 20:38:29 225
2016-05-09 20:38:29 226
2016-05-09 20:38:29 227
2016-05-09 20:38:29 228
2016-05-09 20:38:30 229
2016-05-09 20:38:30 230
2016-05-09 20:38:30 231
2016-05-09 20:38:30 232
2016-05-09 20:38:30 233
2016-05-09 20:38:31 234
2016-05-09 20:38:31 235
2016-05-09 20:38:31 236
2016-05-09 20:38:31 237
2016-05-09 20:38:31 238
2016-05-09 20:38:32 239
2016-05-09 20:38:32 240
2016-05-09 20:38:32 241
2016-05-09 20:38:33 242
2016-05-09 20:38:33 243
2016-05-09 20:38:33 244
2016-05-09 20:38:33 245
2016-05-09 20:38:33 246
2016-05-09 20:38:34 247
2016-05-09 20:38:34 248
2016-05-09 20:38:34 249
2016-05-09 20:38:34 250
2016-05-09 20:38:34 251
2016-05-09 20:38:35 252
2016-05-09 20:38:35 253
2016-05-09 20:38:35 254
2016-05-09 20:38:35 255
2016-05-09 20:38:35 256
2016-05-09 20:38:36 257
2016-05-09 20:38:36 258
2016-05-09 20:38:36 259
2016-05-09 20:38:36 260
2016-05-09 20:38:37 261
2016-05-09 20:38:37 262
2016-05-09 20:38:37 263
2016-05-09 20:38:37 264
2016-05-09 20:38:37 265
2016-05-09 20:38:38 266
2016-05-09 20:38:38 267
2016-05-09 20:38:38 268
2016-05-09 20:38:38 269
2016-05-09 20:38:38 270
2016-05-09 20:38:39 271
2016-05-09 20:38:39 272
2016-05-09 20:38:39 273
2016-05-09 20:38:39 274
2016-05-09 20:38:40 275
2016-05-09 20:38:40 276
2016-05-09 20:38:40 19
2016-05-09 20:38:40 277
2016-05-09 20:38:40 20
2016-05-09 20:38:40 278
2016-05-09 20:38:41 279
2016-05-09 20:38:41 21
2016-05-09 20:38:41 280
2016-05-09 20:38:41 22
2016-05-09 20:38:41 281
2016-05-09 20:38:41 23
2016-05-09 20:38:41 282
2016-05-09 20:38:41 24
2016-05-09 20:38:42 283
2016-05-09 20:38:42 25
2016-05-09 20:38:42 284
2016-05-09 20:38:42 26
2016-05-09 20:38:42 285
2016-05-09 20:38:42 27
2016-05-09 20:38:42 286
2016-05-09 20:38:42 28
2016-05-09 20:38:43 287
2016-05-09 20:38:43 29
2016-05-09 20:38:43 288
2016-05-09 20:38:43 30
2016-05-09 20:38:43 289
2016-05-09 20:38:43 31
2016-05-09 20:38:43 290
2016-05-09 20:38:44 291
2016-05-09 20:38:44 32
2016-05-09 20:38:44 292
2016-05-09 20:38:44 33
2016-05-09 20:38:44 293
2016-05-09 20:38:44 34
2016-05-09 20:38:44 294
2016-05-09 20:38:44 35
2016-05-09 20:38:45 295
2016-05-09 20:38:45 36
2016-05-09 20:38:45 296
2016-05-09 20:38:45 37
2016-05-09 20:38:45 297
2016-05-09 20:38:45 38
2016-05-09 20:38:45 298
2016-05-09 20:38:45 39
2016-05-09 20:38:46 299
2016-05-09 20:38:46 40
2016-05-09 20:38:46 300
2016-05-09 20:38:46 41
2016-05-09 20:38:46 301
2016-05-09 20:38:46 302
2016-05-09 20:38:46 303
2016-05-09 20:38:47 304
2016-05-09 20:38:47 305
2016-05-09 20:38:47 306
2016-05-09 20:38:47 307
2016-05-09 20:38:48 308
2016-05-09 20:38:48 309
2016-05-09 20:38:48 310
2016-05-09 20:38:48 311
2016-05-09 20:38:48 312
2016-05-09 20:38:49 313
2016-05-09 20:38:49 314
2016-05-09 20:38:49 315
2016-05-09 20:38:49 316
2016-05-09 20:38:49 317
2016-05-09 20:38:50 318
2016-05-09 20:38:50 319
2016-05-09 20:38:50 320
2016-05-09 20:38:50 321
2016-05-09 20:38:51 322
2016-05-09 20:38:51 323
2016-05-09 20:38:51 324
2016-05-09 20:38:51 325
2016-05-09 20:38:51 326
2016-05-09 20:38:52 327
2016-05-09 20:38:52 328
2016-05-09 20:38:52 329
2016-05-09 20:38:52 330
2016-05-09 20:38:52 331
2016-05-09 20:38:53 332
2016-05-09 20:38:53 333
2016-05-09 20:38:53 334
2016-05-09 20:38:53 42
2016-05-09 20:38:53 335
2016-05-09 20:38:53 43
2016-05-09 20:38:54 336
2016-05-09 20:38:54 337
2016-05-09 20:38:54 338
2016-05-09 20:38:54 44
2016-05-09 20:38:54 339
2016-05-09 20:38:54 45
2016-05-09 20:38:55 340
2016-05-09 20:38:55 341
2016-05-09 20:38:55 342
2016-05-09 20:38:55 343
2016-05-09 20:38:55 344
2016-05-09 20:38:56 345
2016-05-09 20:38:56 346
2016-05-09 20:38:56 347
2016-05-09 20:38:56 348
2016-05-09 20:38:56 349
2016-05-09 20:38:57 350
2016-05-09 20:38:57 351
2016-05-09 20:38:57 352
2016-05-09 20:38:57 353
2016-05-09 20:38:58 354
2016-05-09 20:38:58 355
2016-05-09 20:38:58 356
2016-05-09 20:38:58 46
2016-05-09 20:38:58 357
2016-05-09 20:38:58 358
2016-05-09 20:38:59 359
2016-05-09 20:38:59 360
2016-05-09 20:38:59 361
2016-05-09 20:38:59 362
2016-05-09 20:38:59 363
2016-05-09 20:39:00 364
2016-05-09 20:39:00 365
2016-05-09 20:39:00 366
2016-05-09 20:39:00 367
2016-05-09 20:39:01 368
2016-05-09 20:39:01 369
2016-05-09 20:39:01 370
2016-05-09 20:39:01 47
2016-05-09 20:39:01 371
2016-05-09 20:39:01 372
2016-05-09 20:39:02 373
2016-05-09 20:39:02 48
2016-05-09 20:39:02 374
2016-05-09 20:39:02 375
2016-05-09 20:39:02 49
2016-05-09 20:39:02 376
2016-05-09 20:39:03 377
2016-05-09 20:39:03 50
2016-05-09 20:39:03 378
2016-05-09 20:39:03 379
2016-05-09 20:39:03 51
2016-05-09 20:39:03 380
2016-05-09 20:39:03 381
2016-05-09 20:39:04 382
2016-05-09 20:39:04 383
2016-05-09 20:39:04 384
2016-05-09 20:39:04 385
2016-05-09 20:39:05 386
2016-05-09 20:39:05 387
2016-05-09 20:39:05 388
2016-05-09 20:39:05 389
2016-05-09 20:39:05 390
2016-05-09 20:39:06 391
2016-05-09 20:39:06 392
2016-05-09 20:39:06 393
2016-05-09 20:39:06 394
2016-05-09 20:39:06 395
2016-05-09 20:39:07 396
2016-05-09 20:39:07 397
2016-05-09 20:39:07 398
2016-05-09 20:39:07 399
2016-05-09 20:39:08 400
2016-05-09 20:39:08 401
2016-05-09 20:39:08 402
2016-05-09 20:39:08 403
2016-05-09 20:39:08 404
2016-05-09 20:39:09 405
2016-05-09 20:39:09 406
2016-05-09 20:39:09 407
2016-05-09 20:39:09 408
2016-05-09 20:39:09 409
2016-05-09 20:39:10 410
2016-05-09 20:39:10 411
2016-05-09 20:39:10 412
2016-05-09 20:39:10 413
2016-05-09 20:39:11 414
2016-05-09 20:39:11 415
2016-05-09 20:39:11 416
2016-05-09 20:39:11 417
2016-05-09 20:39:11 418
2016-05-09 20:39:12 419
2016-05-09 20:39:12 420
2016-05-09 20:39:12 421
2016-05-09 20:39:12 422
2016-05-09 20:39:12 423
2016-05-09 20:39:12 52
2016-05-09 20:39:13 424
2016-05-09 20:39:13 53
2016-05-09 20:39:13 425
2016-05-09 20:39:13 54
2016-05-09 20:39:13 426
2016-05-09 20:39:13 55
2016-05-09 20:39:13 427
2016-05-09 20:39:13 56
2016-05-09 20:39:14 428
2016-05-09 20:39:14 57
2016-05-09 20:39:14 429
2016-05-09 20:39:14 58
2016-05-09 20:39:14 430
2016-05-09 20:39:14 59
2016-05-09 20:39:14 431
2016-05-09 20:39:14 60
2016-05-09 20:39:15 432
2016-05-09 20:39:15 61
2016-05-09 20:39:15 433
2016-05-09 20:39:15 62
2016-05-09 20:39:15 434
2016-05-09 20:39:15 63
2016-05-09 20:39:15 435
2016-05-09 20:39:16 64
2016-05-09 20:39:16 436
2016-05-09 20:39:16 437
2016-05-09 20:39:16 438
2016-05-09 20:39:16 439
2016-05-09 20:39:17 440
2016-05-09 20:39:17 441
2016-05-09 20:39:17 442
2016-05-09 20:39:17 443
2016-05-09 20:39:17 444
2016-05-09 20:39:18 445
2016-05-09 20:39:18 446
2016-05-09 20:39:18 447
2016-05-09 20:39:18 448
2016-05-09 20:39:19 65
2016-05-09 20:39:19 449
2016-05-09 20:39:19 450
2016-05-09 20:39:19 451
2016-05-09 20:39:19 452
2016-05-09 20:39:20 453
2016-05-09 20:39:20 454
2016-05-09 20:39:20 455
2016-05-09 20:39:20 456
2016-05-09 20:39:20 457
2016-05-09 20:39:21 458
2016-05-09 20:39:21 459
2016-05-09 20:39:21 460
2016-05-09 20:39:21 461
2016-05-09 20:39:22 462
2016-05-09 20:39:22 463
2016-05-09 20:39:22 464
2016-05-09 20:39:22 465
2016-05-09 20:39:22 466
2016-05-09 20:39:23 467
2016-05-09 20:39:23 468
2016-05-09 20:39:23 469
2016-05-09 20:39:23 470
2016-05-09 20:39:24 471
2016-05-09 20:39:24 66
2016-05-09 20:39:24 472
2016-05-09 20:39:24 67
2016-05-09 20:39:24 473
2016-05-09 20:39:24 474
2016-05-09 20:39:24 475
2016-05-09 20:39:25 476
2016-05-09 20:39:25 68
2016-05-09 20:39:25 477
2016-05-09 20:39:25 69
2016-05-09 20:39:25 478
2016-05-09 20:39:25 479
2016-05-09 20:39:26 480
2016-05-09 20:39:26 481
2016-05-09 20:39:26 482
2016-05-09 20:39:26 483
2016-05-09 20:39:26 70
2016-05-09 20:39:27 484
2016-05-09 20:39:27 71
2016-05-09 20:39:27 485
2016-05-09 20:39:27 72
2016-05-09 20:39:27 486
2016-05-09 20:39:27 73
2016-05-09 20:39:27 487
2016-05-09 20:39:27 74
2016-05-09 20:39:28 488
2016-05-09 20:39:28 75
2016-05-09 20:39:28 489
2016-05-09 20:39:28 76
2016-05-09 20:39:28 490
2016-05-09 20:39:28 491
2016-05-09 20:39:28 492
2016-05-09 20:39:29 493
2016-05-09 20:39:29 494
2016-05-09 20:39:29 495
2016-05-09 20:39:29 496
2016-05-09 20:39:30 497
2016-05-09 20:39:30 498
2016-05-09 20:39:30 499
2016-05-09 20:39:30 500
2016-05-09 20:39:30 501
2016-05-09 20:39:31 502
2016-05-09 20:39:31 503
2016-05-09 20:39:31 504
2016-05-09 20:39:31 505
2016-05-09 20:39:31 506
2016-05-09 20:39:32 507
2016-05-09 20:39:32 508
2016-05-09 20:39:32 509
2016-05-09 20:39:33 510
2016-05-09 20:39:33 511
2016-05-09 20:39:33 512
2016-05-09 20:39:33 513
2016-05-09 20:39:33 514
2016-05-09 20:39:34 515
2016-05-09 20:39:34 516
2016-05-09 20:39:34 77
2016-05-09 20:39:34 517
2016-05-09 20:39:34 78
2016-05-09 20:39:34 518
2016-05-09 20:39:35 519
2016-05-09 20:39:35 79
2016-05-09 20:39:35 520
2016-05-09 20:39:35 80
2016-05-09 20:39:35 521
2016-05-09 20:39:35 81
2016-05-09 20:39:35 522
2016-05-09 20:39:35 82
2016-05-09 20:39:36 523
2016-05-09 20:39:36 83
2016-05-09 20:39:36 524
2016-05-09 20:39:36 84
2016-05-09 20:39:36 525
2016-05-09 20:39:36 526
2016-05-09 20:39:36 527
2016-05-09 20:39:37 528
2016-05-09 20:39:37 529
2016-05-09 20:39:37 530
2016-05-09 20:39:37 531
2016-05-09 20:39:38 532
2016-05-09 20:39:38 533
2016-05-09 20:39:38 534
2016-05-09 20:39:38 535
2016-05-09 20:39:38 536
2016-05-09 20:39:39 537
2016-05-09 20:39:39 538
2016-05-09 20:39:39 539
2016-05-09 20:39:39 540
2016-05-09 20:39:40 541
2016-05-09 20:39:40 542
2016-05-09 20:39:40 543
2016-05-09 20:39:40 544
2016-05-09 20:39:40 545
2016-05-09 20:39:41 546
2016-05-09 20:39:41 85
2016-05-09 20:39:41 547
2016-05-09 20:39:41 548
2016-05-09 20:39:41 86
2016-05-09 20:39:41 549
2016-05-09 20:39:42 550
2016-05-09 20:39:42 551
2016-05-09 20:39:42 552
2016-05-09 20:39:42 553
2016-05-09 20:39:42 554
2016-05-09 20:39:43 555
2016-05-09 20:39:43 87
2016-05-09 20:39:43 556
2016-05-09 20:39:43 88
2016-05-09 20:39:43 557
2016-05-09 20:39:43 89
2016-05-09 20:39:43 558
2016-05-09 20:39:44 559
2016-05-09 20:39:44 90
2016-05-09 20:39:44 560
2016-05-09 20:39:44 91
2016-05-09 20:39:44 561
2016-05-09 20:39:44 92
2016-05-09 20:39:44 562
2016-05-09 20:39:44 93
2016-05-09 20:39:45 563
2016-05-09 20:39:45 94
2016-05-09 20:39:45 564
2016-05-09 20:39:45 1
2016-05-09 20:39:45 95
2016-05-09 20:39:45 565
2016-05-09 20:39:45 96
2016-05-09 20:39:45 566
2016-05-09 20:39:46 97
2016-05-09 20:39:46 567
2016-05-09 20:39:46 98
2016-05-09 20:39:46 568
2016-05-09 20:39:46 99
2016-05-09 20:39:46 569
2016-05-09 20:39:46 100
2016-05-09 20:39:47 570
2016-05-09 20:39:47 101
2016-05-09 20:39:47 571
2016-05-09 20:39:47 102
2016-05-09 20:39:47 572
2016-05-09 20:39:47 103
2016-05-09 20:39:47 573
2016-05-09 20:39:48 104
2016-05-09 20:39:48 574
2016-05-09 20:39:48 105
2016-05-09 20:39:48 575
2016-05-09 20:39:48 106
2016-05-09 20:39:48 576
2016-05-09 20:39:48 107
2016-05-09 20:39:48 577
2016-05-09 20:39:49 578
2016-05-09 20:39:49 579
2016-05-09 20:39:49 580
2016-05-09 20:39:49 581
2016-05-09 20:39:50 582
2016-05-09 20:39:50 583
2016-05-09 20:39:50 584
2016-05-09 20:39:50 585
2016-05-09 20:39:50 586
2016-05-09 20:39:51 587
2016-05-09 20:39:51 588
2016-05-09 20:39:51 589
2016-05-09 20:39:51 590
2016-05-09 20:39:52 591
2016-05-09 20:39:52 592
2016-05-09 20:39:52 593
2016-05-09 20:39:52 594
2016-05-09 20:39:52 595
2016-05-09 20:39:53 596
2016-05-09 20:39:53 597
2016-05-09 20:39:53 598
2016-05-09 20:39:53 599
2016-05-09 20:39:54 600
2016-05-09 20:39:54 601
2016-05-09 20:39:54 602
2016-05-09 20:39:54 603
2016-05-09 20:39:54 604
2016-05-09 20:39:55 605
2016-05-09 20:39:55 606
2016-05-09 20:39:55 607
2016-05-09 20:39:55 608
2016-05-09 20:39:55 609
2016-05-09 20:39:56 610
2016-05-09 20:39:56 611
2016-05-09 20:39:56 612
2016-05-09 20:39:56 613
2016-05-09 20:39:57 614
2016-05-09 20:39:57 615
2016-05-09 20:39:57 616
2016-05-09 20:39:57 108
2016-05-09 20:39:57 617
2016-05-09 20:39:57 618
2016-05-09 20:39:58 619
2016-05-09 20:39:58 620
2016-05-09 20:39:58 621
2016-05-09 20:39:58 622
2016-05-09 20:39:58 623
2016-05-09 20:39:59 624
2016-05-09 20:39:59 625
2016-05-09 20:39:59 109
2016-05-09 20:39:59 626
2016-05-09 20:39:59 627
2016-05-09 20:40:00 628
2016-05-09 20:40:00 629
2016-05-09 20:40:00 110
2016-05-09 20:40:00 630
2016-05-09 20:40:00 631
2016-05-09 20:40:00 111
2016-05-09 20:40:01 632
2016-05-09 20:40:01 633
2016-05-09 20:40:01 634
2016-05-09 20:40:01 635
2016-05-09 20:40:01 636
2016-05-09 20:40:02 637
2016-05-09 20:40:02 112
2016-05-09 20:40:02 638
2016-05-09 20:40:02 113
2016-05-09 20:40:02 639
2016-05-09 20:40:02 640
2016-05-09 20:40:02 114
2016-05-09 20:40:03 641
2016-05-09 20:40:03 115
2016-05-09 20:40:03 642
2016-05-09 20:40:03 116
2016-05-09 20:40:03 643
2016-05-09 20:40:03 117
2016-05-09 20:40:03 644
2016-05-09 20:40:04 118
2016-05-09 20:40:04 645
2016-05-09 20:40:04 119
2016-05-09 20:40:04 646
2016-05-09 20:40:04 2
2016-05-09 20:40:04 120
2016-05-09 20:40:04 647
2016-05-09 20:40:04 3
2016-05-09 20:40:04 121
2016-05-09 20:40:05 648
2016-05-09 20:40:05 4
2016-05-09 20:40:05 122
2016-05-09 20:40:05 649
2016-05-09 20:40:05 5
2016-05-09 20:40:05 123
2016-05-09 20:40:05 650
2016-05-09 20:40:05 6
2016-05-09 20:40:05 124
2016-05-09 20:40:05 651
2016-05-09 20:40:06 7
2016-05-09 20:40:06 125
2016-05-09 20:40:06 652
2016-05-09 20:40:06 8
2016-05-09 20:40:06 126
2016-05-09 20:40:06 653
2016-05-09 20:40:06 127
2016-05-09 20:40:06 654
2016-05-09 20:40:06 128
2016-05-09 20:40:07 655
2016-05-09 20:40:07 9
2016-05-09 20:40:07 129
2016-05-09 20:40:07 656
2016-05-09 20:40:07 10
2016-05-09 20:40:07 130
2016-05-09 20:40:07 657
2016-05-09 20:40:07 11
2016-05-09 20:40:07 131
2016-05-09 20:40:07 658
2016-05-09 20:40:07 132
2016-05-09 20:40:08 659
2016-05-09 20:40:08 133
2016-05-09 20:40:08 660
2016-05-09 20:40:08 661
2016-05-09 20:40:08 134
2016-05-09 20:40:08 662
2016-05-09 20:40:08 135
2016-05-09 20:40:09 663
2016-05-09 20:40:09 664
2016-05-09 20:40:09 136
2016-05-09 20:40:09 665
2016-05-09 20:40:09 137
2016-05-09 20:40:09 666
2016-05-09 20:40:10 667
2016-05-09 20:40:10 668
2016-05-09 20:40:10 138
2016-05-09 20:40:10 669
2016-05-09 20:40:10 139
2016-05-09 20:40:10 670
2016-05-09 20:40:10 140
2016-05-09 20:40:11 671
2016-05-09 20:40:11 141
2016-05-09 20:40:11 672
2016-05-09 20:40:11 673
2016-05-09 20:40:11 142
2016-05-09 20:40:11 674
2016-05-09 20:40:11 143
2016-05-09 20:40:12 675
2016-05-09 20:40:12 144
2016-05-09 20:40:12 676
2016-05-09 20:40:12 145
2016-05-09 20:40:12 677
2016-05-09 20:40:12 1
2016-05-09 20:40:12 146
2016-05-09 20:40:13 678
2016-05-09 20:40:13 12
2016-05-09 20:40:13 2
2016-05-09 20:40:13 147
2016-05-09 20:40:13 679
2016-05-09 20:40:13 13
2016-05-09 20:40:13 3
2016-05-09 20:40:13 148
2016-05-09 20:40:13 680
2016-05-09 20:40:13 14
2016-05-09 20:40:13 4
2016-05-09 20:40:13 149
2016-05-09 20:40:14 681
2016-05-09 20:40:14 15
2016-05-09 20:40:14 150
2016-05-09 20:40:14 682
2016-05-09 20:40:14 16
2016-05-09 20:40:14 151
2016-05-09 20:40:14 683
2016-05-09 20:40:14 17
2016-05-09 20:40:14 5
2016-05-09 20:40:14 152
2016-05-09 20:40:14 684
2016-05-09 20:40:15 18
2016-05-09 20:40:15 6
2016-05-09 20:40:15 153
2016-05-09 20:40:15 685
2016-05-09 20:40:15 154
2016-05-09 20:40:15 686
2016-05-09 20:40:15 155
2016-05-09 20:40:15 687
2016-05-09 20:40:15 156
2016-05-09 20:40:16 688
2016-05-09 20:40:16 689
2016-05-09 20:40:16 690
2016-05-09 20:40:16 691
2016-05-09 20:40:16 157
2016-05-09 20:40:17 692
2016-05-09 20:40:17 158
2016-05-09 20:40:17 693
2016-05-09 20:40:17 159
2016-05-09 20:40:17 694
2016-05-09 20:40:17 160
2016-05-09 20:40:17 695
2016-05-09 20:40:17 161
2016-05-09 20:40:18 696
2016-05-09 20:40:18 162
2016-05-09 20:40:18 697
2016-05-09 20:40:18 163
2016-05-09 20:40:18 698
2016-05-09 20:40:18 164
2016-05-09 20:40:18 699
2016-05-09 20:40:18 165
2016-05-09 20:40:19 700
2016-05-09 20:40:19 166
2016-05-09 20:40:19 701
2016-05-09 20:40:19 167
2016-05-09 20:40:19 702
2016-05-09 20:40:19 168
2016-05-09 20:40:19 703
2016-05-09 20:40:19 169
2016-05-09 20:40:20 704
2016-05-09 20:40:20 170
2016-05-09 20:40:20 705
2016-05-09 20:40:20 171
2016-05-09 20:40:20 706
2016-05-09 20:40:20 172
2016-05-09 20:40:20 707
2016-05-09 20:40:20 173
2016-05-09 20:40:21 708
2016-05-09 20:40:21 174
2016-05-09 20:40:21 709
2016-05-09 20:40:21 175
2016-05-09 20:40:21 710
2016-05-09 20:40:21 176
2016-05-09 20:40:21 711
2016-05-09 20:40:21 177
2016-05-09 20:40:22 712
2016-05-09 20:40:22 178
2016-05-09 20:40:22 713
2016-05-09 20:40:22 179
2016-05-09 20:40:22 714
2016-05-09 20:40:22 180
2016-05-09 20:40:22 715
2016-05-09 20:40:22 181
2016-05-09 20:40:23 716
2016-05-09 20:40:23 182
2016-05-09 20:40:23 717
2016-05-09 20:40:23 183
2016-05-09 20:40:23 718
2016-05-09 20:40:23 719
2016-05-09 20:40:23 184
2016-05-09 20:40:24 720
2016-05-09 20:40:24 185
2016-05-09 20:40:24 721
2016-05-09 20:40:24 186
2016-05-09 20:40:24 722
2016-05-09 20:40:24 187
2016-05-09 20:40:24 723
2016-05-09 20:40:24 188
2016-05-09 20:40:25 724
2016-05-09 20:40:25 189
2016-05-09 20:40:25 725
2016-05-09 20:40:25 190
2016-05-09 20:40:25 726
2016-05-09 20:40:25 727
2016-05-09 20:40:26 728
2016-05-09 20:40:26 729
2016-05-09 20:40:26 191
2016-05-09 20:40:26 730
2016-05-09 20:40:26 731
2016-05-09 20:40:27 732
2016-05-09 20:40:27 733
2016-05-09 20:40:27 734
2016-05-09 20:40:27 735
2016-05-09 20:40:27 736
2016-05-09 20:40:28 737
2016-05-09 20:40:28 738
2016-05-09 20:40:28 739
2016-05-09 20:40:28 740
2016-05-09 20:40:28 741
2016-05-09 20:40:29 742
2016-05-09 20:40:29 743
2016-05-09 20:40:29 744
2016-05-09 20:40:29 745
2016-05-09 20:40:30 746
2016-05-09 20:40:30 747
2016-05-09 20:40:30 748
2016-05-09 20:40:30 749
2016-05-09 20:40:30 750
2016-05-09 20:40:30 192
2016-05-09 20:40:31 751
2016-05-09 20:40:31 193
2016-05-09 20:40:31 752
2016-05-09 20:40:31 194
2016-05-09 20:40:31 753
2016-05-09 20:40:31 754
2016-05-09 20:40:32 755
2016-05-09 20:40:32 756
2016-05-09 20:40:32 757
2016-05-09 20:40:32 758
2016-05-09 20:40:32 195
2016-05-09 20:40:33 759
2016-05-09 20:40:33 760
2016-05-09 20:40:33 761
2016-05-09 20:40:33 762
2016-05-09 20:40:33 763
2016-05-09 20:40:34 764
2016-05-09 20:40:34 765
2016-05-09 20:40:34 766
2016-05-09 20:40:34 767
2016-05-09 20:40:35 768
2016-05-09 20:40:35 769
2016-05-09 20:40:35 770
2016-05-09 20:40:35 771
2016-05-09 20:40:35 772
2016-05-09 20:40:36 773
2016-05-09 20:40:36 774
2016-05-09 20:40:36 196
2016-05-09 20:40:36 775
2016-05-09 20:40:36 776
2016-05-09 20:40:37 777
2016-05-09 20:40:37 778
2016-05-09 20:40:37 779
2016-05-09 20:40:37 780
2016-05-09 20:40:37 197
2016-05-09 20:40:37 781
2016-05-09 20:40:38 782
2016-05-09 20:40:38 783
2016-05-09 20:40:38 784
2016-05-09 20:40:38 198
2016-05-09 20:40:38 785
2016-05-09 20:40:38 786
2016-05-09 20:40:39 199
2016-05-09 20:40:39 787
2016-05-09 20:40:39 788
2016-05-09 20:40:39 200
2016-05-09 20:40:39 789
2016-05-09 20:40:39 201
2016-05-09 20:40:39 790
2016-05-09 20:40:40 791
2016-05-09 20:40:40 202
2016-05-09 20:40:40 792
2016-05-09 20:40:40 203
2016-05-09 20:40:40 793
2016-05-09 20:40:40 204
2016-05-09 20:40:40 794
2016-05-09 20:40:41 795
2016-05-09 20:40:41 205
2016-05-09 20:40:41 796
2016-05-09 20:40:41 797
2016-05-09 20:40:41 206
2016-05-09 20:40:41 798
2016-05-09 20:40:41 207
2016-05-09 20:40:42 799
2016-05-09 20:40:42 800
2016-05-09 20:40:42 801
2016-05-09 20:40:42 802
2016-05-09 20:40:43 803
2016-05-09 20:40:43 804
2016-05-09 20:40:43 208
2016-05-09 20:40:43 805
2016-05-09 20:40:43 806
2016-05-09 20:40:43 807
2016-05-09 20:40:44 808
2016-05-09 20:40:44 809
2016-05-09 20:40:44 209
2016-05-09 20:40:44 810
2016-05-09 20:40:44 210
2016-05-09 20:40:44 811
2016-05-09 20:40:44 211
2016-05-09 20:40:45 812
2016-05-09 20:40:45 813
2016-05-09 20:40:45 814
2016-05-09 20:40:45 815
2016-05-09 20:40:45 212
2016-05-09 20:40:45 816
2016-05-09 20:40:46 817
2016-05-09 20:40:46 818
2016-05-09 20:40:46 819
2016-05-09 20:40:46 213
2016-05-09 20:40:46 820
2016-05-09 20:40:46 214
2016-05-09 20:40:47 821
2016-05-09 20:40:47 215
2016-05-09 20:40:47 822
2016-05-09 20:40:47 823
2016-05-09 20:40:47 216
2016-05-09 20:40:47 824
2016-05-09 20:40:47 217
2016-05-09 20:40:48 825
2016-05-09 20:40:48 218
2016-05-09 20:40:48 826
2016-05-09 20:40:48 827
2016-05-09 20:40:48 219
2016-05-09 20:40:48 828
2016-05-09 20:40:49 829
2016-05-09 20:40:49 830
2016-05-09 20:40:49 831
2016-05-09 20:40:49 832
2016-05-09 20:40:49 833
2016-05-09 20:40:50 834
2016-05-09 20:40:50 835
2016-05-09 20:40:50 836
2016-05-09 20:40:50 837
2016-05-09 20:40:50 220
2016-05-09 20:40:51 838
2016-05-09 20:40:51 839
2016-05-09 20:40:51 840
2016-05-09 20:40:51 841
2016-05-09 20:40:51 842
2016-05-09 20:40:52 843
2016-05-09 20:40:52 844
2016-05-09 20:40:52 845
2016-05-09 20:40:52 846
2016-05-09 20:40:52 847
2016-05-09 20:40:53 848
2016-05-09 20:40:53 849
2016-05-09 20:40:53 850
2016-05-09 20:40:53 851
2016-05-09 20:40:54 852
2016-05-09 20:40:54 853
2016-05-09 20:40:54 854
2016-05-09 20:40:54 221
2016-05-09 20:40:54 855
2016-05-09 20:40:54 222
2016-05-09 20:40:54 856
2016-05-09 20:40:55 19
2016-05-09 20:40:55 223
2016-05-09 20:40:55 857
2016-05-09 20:40:55 20
2016-05-09 20:40:55 224
2016-05-09 20:40:55 858
2016-05-09 20:40:55 225
2016-05-09 20:40:55 859
2016-05-09 20:40:55 226
2016-05-09 20:40:56 860
2016-05-09 20:40:56 227
2016-05-09 20:40:56 861
2016-05-09 20:40:56 228
2016-05-09 20:40:56 862
2016-05-09 20:40:56 229
2016-05-09 20:40:56 863
2016-05-09 20:40:57 864
2016-05-09 20:40:57 230
2016-05-09 20:40:57 865
2016-05-09 20:40:57 866
2016-05-09 20:40:57 867
2016-05-09 20:40:57 868
2016-05-09 20:40:58 869
2016-05-09 20:40:58 870
2016-05-09 20:40:58 871
2016-05-09 20:40:58 872
2016-05-09 20:40:59 873
2016-05-09 20:40:59 874
2016-05-09 20:40:59 875
2016-05-09 20:40:59 876
2016-05-09 20:40:59 877
2016-05-09 20:40:59 231
2016-05-09 20:41:00 878
2016-05-09 20:41:00 232
2016-05-09 20:41:00 879
2016-05-09 20:41:00 233
2016-05-09 20:41:00 880
2016-05-09 20:41:00 234
2016-05-09 20:41:00 881
2016-05-09 20:41:00 235
2016-05-09 20:41:01 882
2016-05-09 20:41:01 883
2016-05-09 20:41:01 236
2016-05-09 20:41:01 884
2016-05-09 20:41:01 237
2016-05-09 20:41:01 885
2016-05-09 20:41:01 238
2016-05-09 20:41:02 886
2016-05-09 20:41:02 887
2016-05-09 20:41:02 239
2016-05-09 20:41:02 888
2016-05-09 20:41:02 240
2016-05-09 20:41:02 889
2016-05-09 20:41:02 241
2016-05-09 20:41:03 890
2016-05-09 20:41:03 891
2016-05-09 20:41:03 242
2016-05-09 20:41:03 892
2016-05-09 20:41:03 893
2016-05-09 20:41:03 243
2016-05-09 20:41:04 894
2016-05-09 20:41:04 244
2016-05-09 20:41:04 895
2016-05-09 20:41:04 245
2016-05-09 20:41:04 896
2016-05-09 20:41:04 246
2016-05-09 20:41:04 897
2016-05-09 20:41:04 247
2016-05-09 20:41:05 898
2016-05-09 20:41:05 248
2016-05-09 20:41:05 899
2016-05-09 20:41:05 249
2016-05-09 20:41:05 900
2016-05-09 20:41:05 250
2016-05-09 20:41:05 901
2016-05-09 20:41:06 251
2016-05-09 20:41:06 902
2016-05-09 20:41:06 252
2016-05-09 20:41:06 903
2016-05-09 20:41:06 904
2016-05-09 20:41:06 905
2016-05-09 20:41:07 906
2016-05-09 20:41:07 907
2016-05-09 20:41:07 908
2016-05-09 20:41:07 909
2016-05-09 20:41:07 910
2016-05-09 20:41:08 911
2016-05-09 20:41:08 912
2016-05-09 20:41:08 253
2016-05-09 20:41:08 913
2016-05-09 20:41:08 914
2016-05-09 20:41:08 254
2016-05-09 20:41:09 915
2016-05-09 20:41:09 916
2016-05-09 20:41:09 255
2016-05-09 20:41:09 917
2016-05-09 20:41:09 256
2016-05-09 20:41:09 918
2016-05-09 20:41:10 919
2016-05-09 20:41:10 920
2016-05-09 20:41:10 921
2016-05-09 20:41:10 922
2016-05-09 20:41:10 923
2016-05-09 20:41:11 924
2016-05-09 20:41:11 925
2016-05-09 20:41:11 926
2016-05-09 20:41:11 927
2016-05-09 20:41:11 928
2016-05-09 20:41:12 257
2016-05-09 20:41:12 929
2016-05-09 20:41:12 930
2016-05-09 20:41:12 931
2016-05-09 20:41:12 932
2016-05-09 20:41:13 933
2016-05-09 20:41:13 934
2016-05-09 20:41:13 935
2016-05-09 20:41:13 936
2016-05-09 20:41:13 258
2016-05-09 20:41:13 937
2016-05-09 20:41:14 938
2016-05-09 20:41:14 939
2016-05-09 20:41:14 259
2016-05-09 20:41:14 940
2016-05-09 20:41:14 260
2016-05-09 20:41:14 941
2016-05-09 20:41:14 261
2016-05-09 20:41:15 942
2016-05-09 20:41:15 262
2016-05-09 20:41:15 943
2016-05-09 20:41:15 263
2016-05-09 20:41:15 944
2016-05-09 20:41:15 264
2016-05-09 20:41:15 945
2016-05-09 20:41:16 265
2016-05-09 20:41:16 946
2016-05-09 20:41:16 266
2016-05-09 20:41:16 947
2016-05-09 20:41:16 267
2016-05-09 20:41:16 948
2016-05-09 20:41:16 949
2016-05-09 20:41:17 950
2016-05-09 20:41:17 951
2016-05-09 20:41:17 268
2016-05-09 20:41:17 952
2016-05-09 20:41:17 269
2016-05-09 20:41:17 953
2016-05-09 20:41:17 270
2016-05-09 20:41:18 954
2016-05-09 20:41:18 955
2016-05-09 20:41:18 956
2016-05-09 20:41:18 957
2016-05-09 20:41:18 958
2016-05-09 20:41:19 959
2016-05-09 20:41:19 960
2016-05-09 20:41:19 961
2016-05-09 20:41:19 962
2016-05-09 20:41:20 963
2016-05-09 20:41:20 964
2016-05-09 20:41:20 965
2016-05-09 20:41:20 966
2016-05-09 20:41:20 967
2016-05-09 20:41:21 968
2016-05-09 20:41:21 969
2016-05-09 20:41:21 970
2016-05-09 20:41:21 971
2016-05-09 20:41:21 972
2016-05-09 20:41:22 973
2016-05-09 20:41:22 974
2016-05-09 20:41:22 975
2016-05-09 20:41:22 976
2016-05-09 20:41:23 977
2016-05-09 20:41:23 271
2016-05-09 20:41:23 978
2016-05-09 20:41:23 979
2016-05-09 20:41:23 272
2016-05-09 20:41:23 980
2016-05-09 20:41:23 273
2016-05-09 20:41:23 981
2016-05-09 20:41:24 982
2016-05-09 20:41:24 274
2016-05-09 20:41:24 983
2016-05-09 20:41:24 275
2016-05-09 20:41:24 984
2016-05-09 20:41:24 276
2016-05-09 20:41:24 985
2016-05-09 20:41:25 277
2016-05-09 20:41:25 986
2016-05-09 20:41:25 278
2016-05-09 20:41:25 987
2016-05-09 20:41:25 988
2016-05-09 20:41:25 989
2016-05-09 20:41:25 279
2016-05-09 20:41:26 990
2016-05-09 20:41:26 280
2016-05-09 20:41:26 991
2016-05-09 20:41:26 992
2016-05-09 20:41:26 993
2016-05-09 20:41:27 994
2016-05-09 20:41:27 995
2016-05-09 20:41:27 996
2016-05-09 20:41:27 997
2016-05-09 20:41:27 998
2016-05-09 20:41:28 999
2016-05-09 20:41:28 1000
2016-05-09 20:41:28 1001
2016-05-09 20:41:28 1002
2016-05-09 20:41:28 1003
2016-05-09 20:41:29 1004
2016-05-09 20:41:29 1005
2016-05-09 20:41:29 1006
2016-05-09 20:41:29 1007
2016-05-09 20:41:29 281
2016-05-09 20:41:30 1008
2016-05-09 20:41:30 282
2016-05-09 20:41:30 1009
2016-05-09 20:41:30 283
2016-05-09 20:41:30 1010
2016-05-09 20:41:30 284
2016-05-09 20:41:30 1011
2016-05-09 20:41:30 285
2016-05-09 20:41:31 1012
2016-05-09 20:41:31 1013
2016-05-09 20:41:31 286
2016-05-09 20:41:31 1014
2016-05-09 20:41:31 287
2016-05-09 20:41:31 1015
2016-05-09 20:41:31 288
2016-05-09 20:41:32 1016
2016-05-09 20:41:32 289
2016-05-09 20:41:32 1017
2016-05-09 20:41:32 290
2016-05-09 20:41:32 1018
2016-05-09 20:41:32 291
2016-05-09 20:41:33 1019
2016-05-09 20:41:33 1020
2016-05-09 20:41:33 1021
2016-05-09 20:41:33 1022
2016-05-09 20:41:33 1023
2016-05-09 20:41:34 1024
2016-05-09 20:41:34 1025
2016-05-09 20:41:34 1026
2016-05-09 20:41:34 1027
2016-05-09 20:41:35 1028
2016-05-09 20:41:35 1029
2016-05-09 20:41:35 1030
2016-05-09 20:41:35 1031
2016-05-09 20:41:35 1032
2016-05-09 20:41:36 1033
2016-05-09 20:41:36 1034
2016-05-09 20:41:36 1035
2016-05-09 20:41:36 1036
2016-05-09 20:41:36 1037
2016-05-09 20:41:37 1038
2016-05-09 20:41:37 1039
2016-05-09 20:41:37 1040
2016-05-09 20:41:37 1041
2016-05-09 20:41:38 1042
2016-05-09 20:41:38 1043
2016-05-09 20:41:38 1044
2016-05-09 20:41:38 292
2016-05-09 20:41:38 1045
2016-05-09 20:41:38 293
2016-05-09 20:41:38 1046
2016-05-09 20:41:38 294
2016-05-09 20:41:39 1047
2016-05-09 20:41:39 1048
2016-05-09 20:41:39 295
2016-05-09 20:41:39 1049
2016-05-09 20:41:39 296
2016-05-09 20:41:39 1050
2016-05-09 20:41:39 297
2016-05-09 20:41:40 1051
2016-05-09 20:41:40 298
2016-05-09 20:41:40 1052
2016-05-09 20:41:40 299
2016-05-09 20:41:40 1053
2016-05-09 20:41:40 1054
2016-05-09 20:41:40 300
2016-05-09 20:41:41 1055
2016-05-09 20:41:41 301
2016-05-09 20:41:41 1056
2016-05-09 20:41:41 1057
2016-05-09 20:41:41 302
2016-05-09 20:41:41 1058
2016-05-09 20:41:41 303
2016-05-09 20:41:42 1059
2016-05-09 20:41:42 304
2016-05-09 20:41:42 1060
2016-05-09 20:41:42 1061
2016-05-09 20:41:42 1062
2016-05-09 20:41:43 1063
2016-05-09 20:41:43 1064
2016-05-09 20:41:43 1065
2016-05-09 20:41:43 1066
2016-05-09 20:41:43 1067
2016-05-09 20:41:44 1068
2016-05-09 20:41:44 1069
2016-05-09 20:41:44 1070
2016-05-09 20:41:44 1071
2016-05-09 20:41:44 1072
2016-05-09 20:41:45 1073
2016-05-09 20:41:45 1074
2016-05-09 20:41:45 305
2016-05-09 20:41:45 1075
2016-05-09 20:41:45 1076
2016-05-09 20:41:46 1077
2016-05-09 20:41:46 1078
2016-05-09 20:41:46 1079
2016-05-09 20:41:46 1080
2016-05-09 20:41:46 1081
2016-05-09 20:41:47 1082
2016-05-09 20:41:47 1083
2016-05-09 20:41:47 1084
2016-05-09 20:41:47 1085
2016-05-09 20:41:48 1086
2016-05-09 20:41:48 1087
2016-05-09 20:41:48 1088
2016-05-09 20:41:48 1089
2016-05-09 20:41:48 1090
2016-05-09 20:41:49 1091
2016-05-09 20:41:49 1092
2016-05-09 20:41:49 1093
2016-05-09 20:41:49 1094
2016-05-09 20:41:49 1095
2016-05-09 20:41:50 1096
2016-05-09 20:41:50 1097
2016-05-09 20:41:50 1098
2016-05-09 20:41:50 1099
2016-05-09 20:41:51 1100
2016-05-09 20:41:51 1101
2016-05-09 20:41:51 1102
2016-05-09 20:41:51 1103
2016-05-09 20:41:51 1104
2016-05-09 20:41:52 1105
2016-05-09 20:41:52 1106
2016-05-09 20:41:52 1107
2016-05-09 20:41:52 1108
2016-05-09 20:41:52 1109
2016-05-09 20:41:53 1110
2016-05-09 20:41:53 1111
2016-05-09 20:41:53 1112
2016-05-09 20:41:53 1113
2016-05-09 20:41:53 1114
2016-05-09 20:41:54 1115
2016-05-09 20:41:54 1116
2016-05-09 20:41:54 1117
2016-05-09 20:41:54 1118
2016-05-09 20:41:55 1119
2016-05-09 20:41:55 1120
2016-05-09 20:41:55 1121
2016-05-09 20:41:55 1122
2016-05-09 20:41:55 1123
2016-05-09 20:41:56 1124
2016-05-09 20:41:56 1125
2016-05-09 20:41:56 1126
2016-05-09 20:41:56 1127
2016-05-09 20:41:56 1128
2016-05-09 20:41:57 1129
2016-05-09 20:41:57 1130
2016-05-09 20:41:57 1131
2016-05-09 20:41:57 1132
2016-05-09 20:41:58 1133
2016-05-09 20:41:58 1134
2016-05-09 20:41:58 1135
2016-05-09 20:41:58 1136
2016-05-09 20:41:58 1137
2016-05-09 20:41:59 1138
2016-05-09 20:41:59 1139
2016-05-09 20:41:59 1140
2016-05-09 20:41:59 1141
2016-05-09 20:41:59 1142
2016-05-09 20:41:59 306
2016-05-09 20:42:00 1143
2016-05-09 20:42:00 1144
2016-05-09 20:42:00 1145
2016-05-09 20:42:00 1146
2016-05-09 20:42:01 1147
2016-05-09 20:42:01 1148
2016-05-09 20:42:01 1149
2016-05-09 20:42:01 1150
2016-05-09 20:42:01 1151
2016-05-09 20:42:02 1152
2016-05-09 20:42:02 1153
2016-05-09 20:42:02 1154
2016-05-09 20:42:02 1155
2016-05-09 20:42:02 1156
2016-05-09 20:42:03 1157
2016-05-09 20:42:03 1158
2016-05-09 20:42:03 1159
2016-05-09 20:42:03 1160
2016-05-09 20:42:04 1161
2016-05-09 20:42:04 1162
2016-05-09 20:42:04 1163
2016-05-09 20:42:04 1164
2016-05-09 20:42:04 1165
2016-05-09 20:42:05 1166
2016-05-09 20:42:05 1167
2016-05-09 20:42:05 1168
2016-05-09 20:42:05 1169
2016-05-09 20:42:05 1170
2016-05-09 20:42:06 1171
2016-05-09 20:42:06 1172
2016-05-09 20:42:06 1173
2016-05-09 20:42:06 1174
2016-05-09 20:42:07 1175
2016-05-09 20:42:07 1176
2016-05-09 20:42:07 1177
2016-05-09 20:42:07 1178
2016-05-09 20:42:07 1179
2016-05-09 20:42:08 1180
2016-05-09 20:42:08 1181
2016-05-09 20:42:08 1182
2016-05-09 20:42:08 1183
2016-05-09 20:42:08 1184
2016-05-09 20:42:09 1185
2016-05-09 20:42:09 1186
2016-05-09 20:42:09 1187
2016-05-09 20:42:09 1188
2016-05-09 20:42:10 1189
2016-05-09 20:42:10 1190
2016-05-09 20:42:10 1191
2016-05-09 20:42:10 1192
2016-05-09 20:42:10 1193
2016-05-09 20:42:11 1194
2016-05-09 20:42:11 1195
2016-05-09 20:42:11 1196
2016-05-09 20:42:11 1197
2016-05-09 20:42:11 1198
2016-05-09 20:42:12 1199
2016-05-09 20:42:12 1200
2016-05-09 20:42:12 1201
2016-05-09 20:42:12 1202
2016-05-09 20:42:13 1203
2016-05-09 20:42:13 1204
2016-05-09 20:42:13 1205
2016-05-09 20:42:13 1206
2016-05-09 20:42:13 1207
2016-05-09 20:42:14 1208
2016-05-09 20:42:14 1209
2016-05-09 20:42:14 1210
2016-05-09 20:42:14 1211
2016-05-09 20:42:14 1212
2016-05-09 20:42:15 1213
2016-05-09 20:42:15 307
2016-05-09 20:42:15 1214
2016-05-09 20:42:15 308
2016-05-09 20:42:15 1215
2016-05-09 20:42:15 309
2016-05-09 20:42:15 1216
2016-05-09 20:42:16 1217
2016-05-09 20:42:16 310
2016-05-09 20:42:16 1218
2016-05-09 20:42:16 311
2016-05-09 20:42:16 1219
2016-05-09 20:42:16 312
2016-05-09 20:42:16 1220
2016-05-09 20:42:16 313
2016-05-09 20:42:17 1221
2016-05-09 20:42:17 314
2016-05-09 20:42:17 1222
2016-05-09 20:42:17 315
2016-05-09 20:42:17 1223
2016-05-09 20:42:17 1224
2016-05-09 20:42:18 1225
2016-05-09 20:42:18 1226
2016-05-09 20:42:18 1227
2016-05-09 20:42:18 1228
2016-05-09 20:42:19 1229
2016-05-09 20:42:19 1230
2016-05-09 20:42:19 1231
2016-05-09 20:42:19 1232
2016-05-09 20:42:19 1233
2016-05-09 20:42:20 1234
2016-05-09 20:42:20 1235
2016-05-09 20:42:20 1236
2016-05-09 20:42:20 1237
2016-05-09 20:42:21 1238
2016-05-09 20:42:21 1239
2016-05-09 20:42:21 1240
2016-05-09 20:42:21 1241
2016-05-09 20:42:21 1242
2016-05-09 20:42:22 1243
2016-05-09 20:42:22 1244
2016-05-09 20:42:22 1245
2016-05-09 20:42:22 1246
2016-05-09 20:42:22 1247
2016-05-09 20:42:22 316
2016-05-09 20:42:23 1248
2016-05-09 20:42:23 317
2016-05-09 20:42:23 1249
2016-05-09 20:42:23 318
2016-05-09 20:42:23 1250
2016-05-09 20:42:23 319
2016-05-09 20:42:23 1251
2016-05-09 20:42:24 320
2016-05-09 20:42:24 1252
2016-05-09 20:42:24 1253
2016-05-09 20:42:24 321
2016-05-09 20:42:24 1254
2016-05-09 20:42:24 322
2016-05-09 20:42:24 1255
2016-05-09 20:42:24 323
2016-05-09 20:42:25 1256
2016-05-09 20:42:25 324
2016-05-09 20:42:25 1257
2016-05-09 20:42:25 325
2016-05-09 20:42:25 1258
2016-05-09 20:42:25 326
2016-05-09 20:42:25 1259
2016-05-09 20:42:25 327
2016-05-09 20:42:26 1260
2016-05-09 20:42:26 328
2016-05-09 20:42:26 1261
2016-05-09 20:42:26 1262
2016-05-09 20:42:26 329
2016-05-09 20:42:26 1263
2016-05-09 20:42:27 1264
2016-05-09 20:42:27 1265
2016-05-09 20:42:27 1266
2016-05-09 20:42:27 1267
2016-05-09 20:42:27 1268
2016-05-09 20:42:28 1269
2016-05-09 20:42:28 1270
2016-05-09 20:42:28 1271
2016-05-09 20:42:28 1272
2016-05-09 20:42:29 1273
2016-05-09 20:42:29 1274
2016-05-09 20:42:29 1275
2016-05-09 20:42:29 1276
2016-05-09 20:42:29 1277
2016-05-09 20:42:30 1278
2016-05-09 20:42:30 1279
2016-05-09 20:42:30 1280
2016-05-09 20:42:30 1281
2016-05-09 20:42:31 1282
2016-05-09 20:42:31 1283
2016-05-09 20:42:31 1284
2016-05-09 20:42:31 1285
2016-05-09 20:42:31 1286
2016-05-09 20:42:32 1287
2016-05-09 20:42:32 1288
2016-05-09 20:42:32 1289
2016-05-09 20:42:33 1290
2016-05-09 20:42:33 1291
2016-05-09 20:42:33 1292
2016-05-09 20:42:33 1293
2016-05-09 20:42:33 1294
2016-05-09 20:42:33 330
2016-05-09 20:42:34 1295
2016-05-09 20:42:34 1296
2016-05-09 20:42:34 21
2016-05-09 20:42:34 331
2016-05-09 20:42:34 1297
2016-05-09 20:42:34 1298
2016-05-09 20:42:34 22
2016-05-09 20:42:34 332
2016-05-09 20:42:35 1299
2016-05-09 20:42:35 333
2016-05-09 20:42:35 1300
2016-05-09 20:42:35 334
2016-05-09 20:42:35 1301
2016-05-09 20:42:35 335
2016-05-09 20:42:35 1302
2016-05-09 20:42:36 336
2016-05-09 20:42:36 1303
2016-05-09 20:42:36 337
2016-05-09 20:42:36 1304
2016-05-09 20:42:36 338
2016-05-09 20:42:36 1305
2016-05-09 20:42:36 339
2016-05-09 20:42:37 1306
2016-05-09 20:42:37 23
2016-05-09 20:42:37 340
2016-05-09 20:42:37 1307
2016-05-09 20:42:37 341
2016-05-09 20:42:37 1308
2016-05-09 20:42:37 342
2016-05-09 20:42:37 1309
2016-05-09 20:42:37 343
2016-05-09 20:42:38 1310
2016-05-09 20:42:38 344
2016-05-09 20:42:38 1311
2016-05-09 20:42:38 345
2016-05-09 20:42:38 1312
2016-05-09 20:42:38 346
2016-05-09 20:42:38 1313
2016-05-09 20:42:38 347
2016-05-09 20:42:39 1314
2016-05-09 20:42:39 348
2016-05-09 20:42:39 1315
2016-05-09 20:42:39 1316
2016-05-09 20:42:39 349
2016-05-09 20:42:39 1317
2016-05-09 20:42:40 1318
2016-05-09 20:42:40 1319
2016-05-09 20:42:40 350
2016-05-09 20:42:40 1320
2016-05-09 20:42:41 1321
2016-05-09 20:42:41 1322
2016-05-09 20:42:41 1323
2016-05-09 20:42:41 1324
2016-05-09 20:42:41 1325
2016-05-09 20:42:42 1326
2016-05-09 20:42:42 1327
2016-05-09 20:42:42 1328
2016-05-09 20:42:42 1329
2016-05-09 20:42:43 1330
2016-05-09 20:42:43 1331
2016-05-09 20:42:43 1332
2016-05-09 20:42:43 1333
2016-05-09 20:42:43 1334
2016-05-09 20:42:44 1335
2016-05-09 20:42:44 1336
2016-05-09 20:42:44 1337
2016-05-09 20:42:44 1338
2016-05-09 20:42:44 1339
2016-05-09 20:42:45 1340
2016-05-09 20:42:45 1341
2016-05-09 20:42:45 1342
2016-05-09 20:42:45 1343
2016-05-09 20:42:45 1344
2016-05-09 20:42:46 1345
2016-05-09 20:42:46 1346
2016-05-09 20:42:46 1347
2016-05-09 20:42:46 1348
2016-05-09 20:42:47 1349
2016-05-09 20:42:47 1350
2016-05-09 20:42:47 1351
2016-05-09 20:42:47 1352
2016-05-09 20:42:47 1353
2016-05-09 20:42:48 1354
2016-05-09 20:42:48 1355
2016-05-09 20:42:48 1356
2016-05-09 20:42:48 1357
2016-05-09 20:42:48 1358
2016-05-09 20:42:49 1359
2016-05-09 20:42:49 1360
2016-05-09 20:42:49 1361
2016-05-09 20:42:49 1362
2016-05-09 20:42:50 1363
2016-05-09 20:42:50 1364
2016-05-09 20:42:50 1365
2016-05-09 20:42:50 1366
2016-05-09 20:42:51 1367
2016-05-09 20:42:51 1368
2016-05-09 20:42:51 1369
2016-05-09 20:42:51 1370
2016-05-09 20:42:52 1371
2016-05-09 20:42:52 1372
2016-05-09 20:42:52 1373
2016-05-09 20:42:52 1374
2016-05-09 20:42:52 1375
2016-05-09 20:42:53 1376
2016-05-09 20:42:53 1377
2016-05-09 20:42:53 1378
2016-05-09 20:42:53 1379
2016-05-09 20:42:53 1380
2016-05-09 20:42:54 1381
2016-05-09 20:42:54 1382
2016-05-09 20:42:54 1383
2016-05-09 20:42:54 1384
2016-05-09 20:42:55 1385
2016-05-09 20:42:55 1386
2016-05-09 20:42:55 1387
2016-05-09 20:42:55 1388
2016-05-09 20:42:55 1389
2016-05-09 20:42:56 1390
2016-05-09 20:42:56 1391
2016-05-09 20:42:56 1392
2016-05-09 20:42:56 1393
2016-05-09 20:42:57 1394
2016-05-09 20:42:57 1395
2016-05-09 20:42:57 1396
2016-05-09 20:42:57 1397
2016-05-09 20:42:57 1398
2016-05-09 20:42:58 1399
2016-05-09 20:42:58 1400
2016-05-09 20:42:58 1401
2016-05-09 20:42:58 1402
2016-05-09 20:42:58 1403
2016-05-09 20:42:59 1404
2016-05-09 20:42:59 1405
2016-05-09 20:42:59 1406
2016-05-09 20:42:59 351
2016-05-09 20:42:59 1407
2016-05-09 20:42:59 352
2016-05-09 20:43:00 1408
2016-05-09 20:43:00 353
2016-05-09 20:43:00 1409
2016-05-09 20:43:00 1410
2016-05-09 20:43:00 354
2016-05-09 20:43:00 1411
2016-05-09 20:43:00 355
2016-05-09 20:43:01 1412
2016-05-09 20:43:01 1413
2016-05-09 20:43:01 1414
2016-05-09 20:43:01 1415
2016-05-09 20:43:01 1416
2016-05-09 20:43:02 1417
2016-05-09 20:43:02 1418
2016-05-09 20:43:02 1419
2016-05-09 20:43:02 1420
2016-05-09 20:43:03 1421
2016-05-09 20:43:03 1422
2016-05-09 20:43:03 1423
2016-05-09 20:43:03 356
2016-05-09 20:43:03 1424
2016-05-09 20:43:03 1425
2016-05-09 20:43:04 1426
2016-05-09 20:43:04 1427
2016-05-09 20:43:04 1428
2016-05-09 20:43:04 1429
2016-05-09 20:43:05 1430
2016-05-09 20:43:05 1431
2016-05-09 20:43:05 1432
2016-05-09 20:43:05 1433
2016-05-09 20:43:05 1434
2016-05-09 20:43:06 1435
2016-05-09 20:43:06 1436
2016-05-09 20:43:06 1437
2016-05-09 20:43:06 1438
2016-05-09 20:43:06 1439
2016-05-09 20:43:07 1440
2016-05-09 20:43:07 1441
2016-05-09 20:43:07 1442
2016-05-09 20:43:07 1443
2016-05-09 20:43:07 1444
2016-05-09 20:43:08 1445
2016-05-09 20:43:08 1446
2016-05-09 20:43:08 1447
2016-05-09 20:43:08 1448
2016-05-09 20:43:09 1449
2016-05-09 20:43:09 1450
2016-05-09 20:43:09 1451
2016-05-09 20:43:09 1452
2016-05-09 20:43:09 1453
2016-05-09 20:43:10 1454
2016-05-09 20:43:10 1455
2016-05-09 20:43:10 357
2016-05-09 20:43:10 1456
2016-05-09 20:43:10 1457
2016-05-09 20:43:10 358
2016-05-09 20:43:11 1458
2016-05-09 20:43:11 1459
2016-05-09 20:43:11 1460
2016-05-09 20:43:11 1461
2016-05-09 20:43:11 359
2016-05-09 20:43:12 1462
2016-05-09 20:43:12 1463
2016-05-09 20:43:12 1464
2016-05-09 20:43:12 1465
2016-05-09 20:43:12 1466
2016-05-09 20:43:13 1467
2016-05-09 20:43:13 1468
2016-05-09 20:43:13 360
2016-05-09 20:43:13 1469
2016-05-09 20:43:13 361
2016-05-09 20:43:13 1470
2016-05-09 20:43:13 362
2016-05-09 20:43:14 1471
2016-05-09 20:43:14 363
2016-05-09 20:43:14 1472
2016-05-09 20:43:14 364
2016-05-09 20:43:14 1473
2016-05-09 20:43:14 1474
2016-05-09 20PiGPIO version = 51
2016-05-09 20:43:59 1
2016-05-09 20:43:59 1
2016-05-09 20:43:59 2
2016-05-09 20:43:59 2
2016-05-09 20:43:59 3
2016-05-09 20:43:59 3
2016-05-09 20:43:59 4
2016-05-09 20:43:59 4
2016-05-09 20:43:59 5
2016-05-09 20:44:00 5
2016-05-09 20:44:00 6
2016-05-09 20:44:00 6
2016-05-09 20:44:00 7
2016-05-09 20:44:00 7
2016-05-09 20:44:00 8
2016-05-09 20:44:00 8
2016-05-09 20:44:00 9
2016-05-09 20:44:01 9
2016-05-09 20:44:01 10
2016-05-09 20:44:01 10
2016-05-09 20:44:01 11
2016-05-09 20:44:01 11
2016-05-09 20:44:01 12
2016-05-09 20:44:01 12
2016-05-09 20:44:02 13
2016-05-09 20:44:02 13
2016-05-09 20:44:02 14
2016-05-09 20:44:02 14
2016-05-09 20:44:02 15
2016-05-09 20:44:02 15
2016-05-09 20:44:02 16
2016-05-09 20:44:02 16
2016-05-09 20:44:02 17
2016-05-09 20:44:03 18
2016-05-09 20:44:03 19
2016-05-09 20:44:03 17
2016-05-09 20:44:03 20
2016-05-09 20:44:03 21
2016-05-09 20:44:03 18
2016-05-09 20:44:04 22
2016-05-09 20:44:04 19
2016-05-09 20:44:04 23
2016-05-09 20:44:04 24
2016-05-09 20:44:04 25
2016-05-09 20:44:04 20
2016-05-09 20:44:05 26
2016-05-09 20:44:05 21
2016-05-09 20:44:05 27
2016-05-09 20:44:05 22
2016-05-09 20:44:05 28
2016-05-09 20:44:05 29
2016-05-09 20:44:05 30
2016-05-09 20:44:06 31
2016-05-09 20:44:06 32
2016-05-09 20:44:06 33
2016-05-09 20:44:06 34
2016-05-09 20:44:06 35
2016-05-09 20:44:07 23
2016-05-09 20:44:07 36
2016-05-09 20:44:07 24
2016-05-09 20:44:07 37
2016-05-09 20:44:07 25
2016-05-09 20:44:07 38
2016-05-09 20:44:07 26
2016-05-09 20:44:08 39
2016-05-09 20:44:08 27
2016-05-09 20:44:08 40
2016-05-09 20:44:08 28
2016-05-09 20:44:08 41
2016-05-09 20:44:08 29
2016-05-09 20:44:08 42
2016-05-09 20:44:08 30
2016-05-09 20:44:09 43
2016-05-09 20:44:09 31
2016-05-09 20:44:09 44
2016-05-09 20:44:09 32
2016-05-09 20:44:09 45
2016-05-09 20:44:09 33
2016-05-09 20:44:09 46
2016-05-09 20:44:09 1
2016-05-09 20:44:09 34
2016-05-09 20:44:10 47
2016-05-09 20:44:10 35
2016-05-09 20:44:10 48
2016-05-09 20:44:10 36
2016-05-09 20:44:10 49
2016-05-09 20:44:10 37
2016-05-09 20:44:10 50
2016-05-09 20:44:10 38
2016-05-09 20:44:11 51
2016-05-09 20:44:11 39
2016-05-09 20:44:11 52
2016-05-09 20:44:11 53
2016-05-09 20:44:11 40
2016-05-09 20:44:11 54
2016-05-09 20:44:11 41
2016-05-09 20:44:12 55
2016-05-09 20:44:12 42
2016-05-09 20:44:12 56
2016-05-09 20:44:12 43
2016-05-09 20:44:12 57
2016-05-09 20:44:12 58
2016-05-09 20:44:12 44
2016-05-09 20:44:13 59
2016-05-09 20:44:13 2
2016-05-09 20:44:13 45
2016-05-09 20:44:13 60
2016-05-09 20:44:13 46
2016-05-09 20:44:13 61
2016-05-09 20:44:13 3
2016-05-09 20:44:13 47
2016-05-09 20:44:13 62
2016-05-09 20:44:13 48
2016-05-09 20:44:14 63
2016-05-09 20:44:14 49
2016-05-09 20:44:14 64
2016-05-09 20:44:14 50
2016-05-09 20:44:14 65
2016-05-09 20:44:14 4
2016-05-09 20:44:14 51
2016-05-09 20:44:14 66
2016-05-09 20:44:15 5
2016-05-09 20:44:15 52
2016-05-09 20:44:15 67
2016-05-09 20:44:15 6
2016-05-09 20:44:15 53
2016-05-09 20:44:15 68
2016-05-09 20:44:15 7
2016-05-09 20:44:15 54
2016-05-09 20:44:15 69
2016-05-09 20:44:15 55
2016-05-09 20:44:16 70
2016-05-09 20:44:16 8
2016-05-09 20:44:16 56
2016-05-09 20:44:16 71
2016-05-09 20:44:16 9
2016-05-09 20:44:16 57
2016-05-09 20:44:16 72
2016-05-09 20:44:16 58
2016-05-09 20:44:16 73
2016-05-09 20:44:16 59
2016-05-09 20:44:17 74
2016-05-09 20:44:17 60
2016-05-09 20:44:17 75
2016-05-09 20:44:17 76
2016-05-09 20:44:17 61
2016-05-09 20:44:17 77
2016-05-09 20:44:17 62
2016-05-09 20:44:18 78
2016-05-09 20:44:18 63
2016-05-09 20:44:18 79
2016-05-09 20:44:18 64
2016-05-09 20:44:18 80
2016-05-09 20:44:18 65
2016-05-09 20:44:18 81
2016-05-09 20:44:18 66
2016-05-09 20:44:19 82
2016-05-09 20:44:19 67
2016-05-09 20:44:19 83
2016-05-09 20:44:19 68
2016-05-09 20:44:19 84
2016-05-09 20:44:19 10
2016-05-09 20:44:19 69
2016-05-09 20:44:19 85
2016-05-09 20:44:19 11
2016-05-09 20:44:20 70
2016-05-09 20:44:20 86
2016-05-09 20:44:20 12
2016-05-09 20:44:20 71
2016-05-09 20:44:20 87
2016-05-09 20:44:20 72
2016-05-09 20:44:20 88
2016-05-09 20:44:21 89
2016-05-09 20:44:21 90
2016-05-09 20:44:21 91
2016-05-09 20:44:21 92
2016-05-09 20:44:21 73
2016-05-09 20:44:22 93
2016-05-09 20:44:22 74
2016-05-09 20:44:22 94
2016-05-09 20:44:22 75
2016-05-09 20:44:22 95
2016-05-09 20:44:22 76
2016-05-09 20:44:22 96
2016-05-09 20:44:22 77
2016-05-09 20:44:23 97
2016-05-09 20:44:23 78
2016-05-09 20:44:23 98
2016-05-09 20:44:23 79
2016-05-09 20:44:23 99
2016-05-09 20:44:23 13
2016-05-09 20:44:23 80
2016-05-09 20:44:23 100
2016-05-09 20:44:23 81
2016-05-09 20:44:24 101
2016-05-09 20:44:24 82
2016-05-09 20:44:24 102
2016-05-09 20:44:24 83
2016-05-09 20:44:24 103
2016-05-09 20:44:24 14
2016-05-09 20:44:24 84
2016-05-09 20:44:24 104
2016-05-09 20:44:24 85
2016-05-09 20:44:25 105
2016-05-09 20:44:25 86
2016-05-09 20:44:25 106
2016-05-09 20:44:25 15
2016-05-09 20:44:25 87
2016-05-09 20:44:25 107
2016-05-09 20:44:25 16
2016-05-09 20:44:25 88
2016-05-09 20:44:25 108
2016-05-09 20:44:25 89
2016-05-09 20:44:26 109
2016-05-09 20:44:26 90
2016-05-09 20:44:26 110
2016-05-09 20:44:26 17
2016-05-09 20:44:26 91
2016-05-09 20:44:26 111
2016-05-09 20:44:26 92
2016-05-09 20:44:26 112
2016-05-09 20:44:26 93
2016-05-09 20:44:27 113
2016-05-09 20:44:27 94
2016-05-09 20:44:27 114
2016-05-09 20:44:27 95
2016-05-09 20:44:27 115
2016-05-09 20:44:27 96
2016-05-09 20:44:27 116
2016-05-09 20:44:28 117
2016-05-09 20:44:28 97
2016-05-09 20:44:28 118
2016-05-09 20:44:28 98
2016-05-09 20:44:28 119
2016-05-09 20:44:28 99
2016-05-09 20:44:28 120
2016-05-09 20:44:29 121
2016-05-09 20:44:29 122
2016-05-09 20:44:29 123
2016-05-09 20:44:29 124
2016-05-09 20:44:29 125
2016-05-09 20:44:29 100
2016-05-09 20:44:30 126
2016-05-09 20:44:30 127
2016-05-09 20:44:30 128
2016-05-09 20:44:30 129
2016-05-09 20:44:31 130
2016-05-09 20:44:31 131
2016-05-09 20:44:31 101
2016-05-09 20:44:31 132
2016-05-09 20:44:31 102
2016-05-09 20:44:31 133
2016-05-09 20:44:32 134
2016-05-09 20:44:32 103
2016-05-09 20:44:32 135
2016-05-09 20:44:32 104
2016-05-09 20:44:32 136
2016-05-09 20:44:32 18
2016-05-09 20:44:32 105
2016-05-09 20:44:33 137
2016-05-09 20:44:33 19
2016-05-09 20:44:33 106
2016-05-09 20:44:33 138
2016-05-09 20:44:33 107
2016-05-09 20:44:33 139
2016-05-09 20:44:33 108
2016-05-09 20:44:33 140
2016-05-09 20:44:33 109
2016-05-09 20:44:34 141
2016-05-09 20:44:34 110
2016-05-09 20:44:34 142
2016-05-09 20:44:34 20
2016-05-09 20:44:34 111
2016-05-09 20:44:34 143
2016-05-09 20:44:34 112
2016-05-09 20:44:34 144
2016-05-09 20:44:35 113
2016-05-09 20:44:35 145
2016-05-09 20:44:35 21
2016-05-09 20:44:35 114
2016-05-09 20:44:35 146
2016-05-09 20:44:35 115
2016-05-09 20:44:35 147
2016-05-09 20:44:35 116
2016-05-09 20:44:36 148
2016-05-09 20:44:36 22
2016-05-09 20:44:36 117
2016-05-09 20:44:36 149
2016-05-09 20:44:36 23
2016-05-09 20:44:36 118
2016-05-09 20:44:36 150
2016-05-09 20:44:36 119
2016-05-09 20:44:36 151
2016-05-09 20:44:36 120
2016-05-09 20:44:37 152
2016-05-09 20:44:37 121
2016-05-09 20:44:37 153
2016-05-09 20:44:37 122
2016-05-09 20:44:37 154
2016-05-09 20:44:37 123
2016-05-09 20:44:37 155
2016-05-09 20:44:37 124
2016-05-09 20:44:38 156
2016-05-09 20:44:38 125
2016-05-09 20:44:38 157
2016-05-09 20:44:38 126
2016-05-09 20:44:38 158
2016-05-09 20:44:38 127
2016-05-09 20:44:38 159
2016-05-09 20:44:38 128
2016-05-09 20:44:39 160
2016-05-09 20:44:39 129
2016-05-09 20:44:39 161
2016-05-09 20:44:39 130
2016-05-09 20:44:39 162
2016-05-09 20:44:39 131
2016-05-09 20:44:39 163
2016-05-09 20:44:39 132
2016-05-09 20:44:40 164
2016-05-09 20:44:40 133
2016-05-09 20:44:40 165
2016-05-09 20:44:40 166
2016-05-09 20:44:40 167
2016-05-09 20:44:41 168
2016-05-09 20:44:41 169
2016-05-09 20:44:41 170
2016-05-09 20:44:41 171
2016-05-09 20:44:41 172
2016-05-09 20:44:42 173
2016-05-09 20:44:42 174
2016-05-09 20:44:42 175
2016-05-09 20:44:42 176
2016-05-09 20:44:43 177
2016-05-09 20:44:43 178
2016-05-09 20:44:43 179
2016-05-09 20:44:43 180
2016-05-09 20:44:43 181
2016-05-09 20:44:44 182
2016-05-09 20:44:44 183
2016-05-09 20:44:44 184
2016-05-09 20:44:44 185
2016-05-09 20:44:44 134
2016-05-09 20:44:44 186
2016-05-09 20:44:44 135
2016-05-09 20:44:45 187
2016-05-09 20:44:45 136
2016-05-09 20:44:45 188
2016-05-09 20:44:45 137
2016-05-09 20:44:45 189
2016-05-09 20:44:45 138
2016-05-09 20:44:45 190
2016-05-09 20:44:46 139
2016-05-09 20:44:46 191
2016-05-09 20:44:46 140
2016-05-09 20:44:46 192
2016-05-09 20:44:46 141
2016-05-09 20:44:46 193
2016-05-09 20:44:46 142
2016-05-09 20:44:46 194
2016-05-09 20:44:47 143
2016-05-09 20:44:47 195
2016-05-09 20:44:47 24
2016-05-09 20:44:47 144
2016-05-09 20:44:47 196
2016-05-09 20:44:47 25
2016-05-09 20:44:47 145
2016-05-09 20:44:47 197
2016-05-09 20:44:47 26
2016-05-09 20:44:47 146
2016-05-09 20:44:48 198
2016-05-09 20:44:48 27
2016-05-09 20:44:48 147
2016-05-09 20:44:48 199
2016-05-09 20:44:48 28
2016-05-09 20:44:48 148
2016-05-09 20:44:48 200
2016-05-09 20:44:48 29
2016-05-09 20:44:48 149
2016-05-09 20:44:48 201
2016-05-09 20:44:49 150
2016-05-09 20:44:49 202
2016-05-09 20:44:49 151
2016-05-09 20:44:49 203
2016-05-09 20:44:49 152
2016-05-09 20:44:49 204
2016-05-09 20:44:49 153
2016-05-09 20:44:49 205
2016-05-09 20:44:50 154
2016-05-09 20:44:50 206
2016-05-09 20:44:50 155
2016-05-09 20:44:50 207
2016-05-09 20:44:50 156
2016-05-09 20:44:50 208
2016-05-09 20:44:50 157
2016-05-09 20:44:51 209
2016-05-09 20:44:51 158
2016-05-09 20:44:51 210
2016-05-09 20:44:51 30
2016-05-09 20:44:51 159
2016-05-09 20:44:51 211
2016-05-09 20:44:51 160
2016-05-09 20:44:51 212
2016-05-09 20:44:51 31
2016-05-09 20:44:52 161
2016-05-09 20:44:52 213
2016-05-09 20:44:52 32
2016-05-09 20:44:52 162
2016-05-09 20:44:52 214
2016-05-09 20:44:52 33
2016-05-09 20:44:52 163
2016-05-09 20:44:52 215
2016-05-09 20:44:52 34
2016-05-09 20:44:52 164
2016-05-09 20:44:53 216
2016-05-09 20:44:53 35
2016-05-09 20:44:53 165
2016-05-09 20:44:53 217
2016-05-09 20:44:53 166
2016-05-09 20:44:53 218
2016-05-09 20:44:53 167
2016-05-09 20:44:53 219
2016-05-09 20:44:54 168
2016-05-09 20:44:54 220
2016-05-09 20:44:54 169
2016-05-09 20:44:54 221
2016-05-09 20:44:54 170
2016-05-09 20:44:54 222
2016-05-09 20:44:54 171
2016-05-09 20:44:55 223
2016-05-09 20:44:55 172
2016-05-09 20:44:55 224
2016-05-09 20:44:55 225
2016-05-09 20:44:55 173
2016-05-09 20:44:55 226
2016-05-09 20:44:55 227
2016-05-09 20:44:56 228
2016-05-09 20:44:56 229
2016-05-09 20:44:56 230
2016-05-09 20:44:56 231
2016-05-09 20:44:56 232
2016-05-09 20:44:57 174
2016-05-09 20:44:57 233
2016-05-09 20:44:57 175
2016-05-09 20:44:57 234
2016-05-09 20:44:57 176
2016-05-09 20:44:57 235
2016-05-09 20:44:57 177
2016-05-09 20:44:57 236
2016-05-09 20:44:58 178
2016-05-09 20:44:58 237
2016-05-09 20:44:58 179
2016-05-09 20:44:58 238
2016-05-09 20:44:58 180
2016-05-09 20:44:58 239
2016-05-09 20:44:58 181
2016-05-09 20:44:58 240
2016-05-09 20:44:59 182
2016-05-09 20:44:59 241
2016-05-09 20:44:59 183
2016-05-09 20:44:59 242
2016-05-09 20:44:59 184
2016-05-09 20:44:59 243
2016-05-09 20:44:59 185
2016-05-09 20:45:00 244
2016-05-09 20:45:00 186
2016-05-09 20:45:00 245
2016-05-09 20:45:00 246
2016-05-09 20:45:00 187
2016-05-09 20:45:00 247
2016-05-09 20:45:00 188
2016-05-09 20:45:01 248
2016-05-09 20:45:01 36
2016-05-09 20:45:01 189
2016-05-09 20:45:01 249
2016-05-09 20:45:01 37
2016-05-09 20:45:01 190
2016-05-09 20:45:01 250
2016-05-09 20:45:01 38
2016-05-09 20:45:01 191
2016-05-09 20:45:01 251
2016-05-09 20:45:01 39
2016-05-09 20:45:02 192
2016-05-09 20:45:02 252
2016-05-09 20:45:02 40
2016-05-09 20:45:02 193
2016-05-09 20:45:02 253
2016-05-09 20:45:02 194
2016-05-09 20:45:02 254
2016-05-09 20:45:02 41
2016-05-09 20:45:02 195
2016-05-09 20:45:03 255
2016-05-09 20:45:03 42
2016-05-09 20:45:03 196
2016-05-09 20:45:03 256
2016-05-09 20:45:03 43
2016-05-09 20:45:03 197
2016-05-09 20:45:03 257
2016-05-09 20:45:03 44
2016-05-09 20:45:03 198
2016-05-09 20:45:03 258
2016-05-09 20:45:03 199
2016-05-09 20:45:04 259
2016-05-09 20:45:04 45
2016-05-09 20:45:04 200
2016-05-09 20:45:04 260
2016-05-09 20:45:04 46
2016-05-09 20:45:04 201
2016-05-09 20:45:04 261
2016-05-09 20:45:04 202
2016-05-09 20:45:04 262
2016-05-09 20:45:05 47
2016-05-09 20:45:05 203
2016-05-09 20:45:05 263
2016-05-09 20:45:05 48
2016-05-09 20:45:05 204
2016-05-09 20:45:05 264
2016-05-09 20:45:05 49
2016-05-09 20:45:05 205
2016-05-09 20:45:05 265
2016-05-09 20:45:05 50
2016-05-09 20:45:05 206
2016-05-09 20:45:06 266
2016-05-09 20:45:06 207
2016-05-09 20:45:06 267
2016-05-09 20:45:06 51
2016-05-09 20:45:06 208
2016-05-09 20:45:06 268
2016-05-09 20:45:06 52
2016-05-09 20:45:06 209
2016-05-09 20:45:07 269
2016-05-09 20:45:07 210
2016-05-09 20:45:07 270
2016-05-09 20:45:07 53
2016-05-09 20:45:07 211
2016-05-09 20:45:07 271
2016-05-09 20:45:07 212
2016-05-09 20:45:07 272
2016-05-09 20:45:07 213
2016-05-09 20:45:08 273
2016-05-09 20:45:08 214
2016-05-09 20:45:08 274
2016-05-09 20:45:08 54
2016-05-09 20:45:08 215
2016-05-09 20:45:08 275
2016-05-09 20:45:08 216
2016-05-09 20:45:08 276
2016-05-09 20:45:08 55
2016-05-09 20:45:09 217
2016-05-09 20:45:09 277
2016-05-09 20:45:09 218
2016-05-09 20:45:09 278
2016-05-09 20:45:09 219
2016-05-09 20:45:09 279
2016-05-09 20:45:09 220
2016-05-09 20:45:09 280
2016-05-09 20:45:10 221
2016-05-09 20:45:10 281
2016-05-09 20:45:10 222
2016-05-09 20:45:10 282
2016-05-09 20:45:10 223
2016-05-09 20:45:10 283
2016-05-09 20:45:10 284
2016-05-09 20:45:11 224
2016-05-09 20:45:11 285
2016-05-09 20:45:11 225
2016-05-09 20:45:11 286
2016-05-09 20:45:11 226
2016-05-09 20:45:11 287
2016-05-09 20:45:11 227
2016-05-09 20:45:11 288
2016-05-09 20:45:12 56
2016-05-09 20:45:12 228
2016-05-09 20:45:12 289
2016-05-09 20:45:12 57
2016-05-09 20:45:12 229
2016-05-09 20:45:12 290
2016-05-09 20:45:12 58
2016-05-09 20:45:12 230
2016-05-09 20:45:12 291
2016-05-09 20:45:12 59
2016-05-09 20:45:12 231
2016-05-09 20:45:13 292
2016-05-09 20:45:13 232
2016-05-09 20:45:13 293
2016-05-09 20:45:13 233
2016-05-09 20:45:13 294
2016-05-09 20:45:13 234
2016-05-09 20:45:13 295
2016-05-09 20:45:13 235
2016-05-09 20:45:14 296
2016-05-09 20:45:14 236
2016-05-09 20:45:14 297
2016-05-09 20:45:14 237
2016-05-09 20:45:14 298
2016-05-09 20:45:14 238
2016-05-09 20:45:14 299
2016-05-09 20:45:15 239
2016-05-09 20:45:15 300
2016-05-09 20:45:15 240
2016-05-09 20:45:15 301
2016-05-09 20:45:15 241
2016-05-09 20:45:15 302
2016-05-09 20:45:15 242
2016-05-09 20:45:15 303
2016-05-09 20:45:16 243
2016-05-09 20:45:16 304
2016-05-09 20:45:16 244
2016-05-09 20:45:16 305
2016-05-09 20:45:16 245
2016-05-09 20:45:16 306
2016-05-09 20:45:16 246
2016-05-09 20:45:17 307
2016-05-09 20:45:17 247
2016-05-09 20:45:17 308
2016-05-09 20:45:17 309
2016-05-09 20:45:17 248
2016-05-09 20:45:17 310
2016-05-09 20:45:17 311
2016-05-09 20:45:18 312
2016-05-09 20:45:18 313
2016-05-09 20:45:18 249
2016-05-09 20:45:18 314
2016-05-09 20:45:18 315
2016-05-09 20:45:19 316
2016-05-09 20:45:19 317
2016-05-09 20:45:19 318
2016-05-09 20:45:19 319
2016-05-09 20:45:19 320
2016-05-09 20:45:20 321
2016-05-09 20:45:20 250
2016-05-09 20:45:20 322
2016-05-09 20:45:20 323
2016-05-09 20:45:20 251
2016-05-09 20:45:20 324
2016-05-09 20:45:21 325
2016-05-09 20:45:21 326
2016-05-09 20:45:21 327
2016-05-09 20:45:21 252
2016-05-09 20:45:21 328
2016-05-09 20:45:21 329
2016-05-09 20:45:22 330
2016-05-09 20:45:22 253
2016-05-09 20:45:22 331
2016-05-09 20:45:22 254
2016-05-09 20:45:22 332
2016-05-09 20:45:22 255
2016-05-09 20:45:23 333
2016-05-09 20:45:23 60
2016-05-09 20:45:23 256
2016-05-09 20:45:23 334
2016-05-09 20:45:23 61
2016-05-09 20:45:23 257
2016-05-09 20:45:23 335
2016-05-09 20:45:23 62
2016-05-09 20:45:23 258
2016-05-09 20:45:23 336
2016-05-09 20:45:23 63
2016-05-09 20:45:24 259
2016-05-09 20:45:24 337
2016-05-09 20:45:24 260
2016-05-09 20:45:24 338
2016-05-09 20:45:24 261
2016-05-09 20:45:24 339
2016-05-09 20:45:24 262
2016-05-09 20:45:24 340
2016-05-09 20:45:25 341
2016-05-09 20:45:25 263
2016-05-09 20:45:25 342
2016-05-09 20:45:25 264
2016-05-09 20:45:25 343
2016-05-09 20:45:25 265
2016-05-09 20:45:25 344
2016-05-09 20:45:26 345
2016-05-09 20:45:26 64
2016-05-09 20:45:26 266
2016-05-09 20:45:26 346
2016-05-09 20:45:26 65
2016-05-09 20:45:26 267
2016-05-09 20:45:26 347
2016-05-09 20:45:26 268
2016-05-09 20:45:27 348
2016-05-09 20:45:27 269
2016-05-09 20:45:27 349
2016-05-09 20:45:27 66
2016-05-09 20:45:27 270
2016-05-09 20:45:27 350
2016-05-09 20:45:27 271
2016-05-09 20:45:27 351
2016-05-09 20:45:27 67
2016-05-09 20:45:27 272
2016-05-09 20:45:28 352
2016-05-09 20:45:28 68
2016-05-09 20:45:28 273
2016-05-09 20:45:28 353
2PiGPIO version = 51
2016-05-09 20:46:14 1
2016-05-09 20:46:14 1
2016-05-09 20:46:14 1
2016-05-09 20:46:14 2
2016-05-09 20:46:14 2
2016-05-09 20:46:14 3
2016-05-09 20:46:14 2
2016-05-09 20:46:14 3
2016-05-09 20:46:14 4
2016-05-09 20:46:14 4
2016-05-09 20:46:15 5
2016-05-09 20:46:15 5
2016-05-09 20:46:15 6
2016-05-09 20:46:15 6
2016-05-09 20:46:15 7
2016-05-09 20:46:15 3
2016-05-09 20:46:15 7
2016-05-09 20:46:15 8
2016-05-09 20:46:16 4
2016-05-09 20:46:16 8
2016-05-09 20:46:16 9
2016-05-09 20:46:16 5
2016-05-09 20:46:16 9
2016-05-09 20:46:16 10
2016-05-09 20:46:16 6
2016-05-09 20:46:16 10
2016-05-09 20:46:16 11
2016-05-09 20:46:16 7
2016-05-09 20:46:16 11
2016-05-09 20:46:17 12
2016-05-09 20:46:17 8
2016-05-09 20:46:17 12
2016-05-09 20:46:17 13
2016-05-09 20:46:17 9
2016-05-09 20:46:17 13
2016-05-09 20:46:17 14
2016-05-09 20:46:17 10
2016-05-09 20:46:17 14
2016-05-09 20:46:17 15
2016-05-09 20:46:17 11
2016-05-09 20:46:18 15
2016-05-09 20:46:18 16
2016-05-09 20:46:18 12
2016-05-09 20:46:18 16
2016-05-09 20:46:18 17
2016-05-09 20:46:18 17
2016-05-09 20:46:18 18
2016-05-09 20:46:18 18
2016-05-09 20:46:19 19
2016-05-09 20:46:19 13
2016-05-09 20:46:19 19
2016-05-09 20:46:19 20
2016-05-09 20:46:19 14
2016-05-09 20:46:19 20
2016-05-09 20:46:19 21
2016-05-09 20:46:19 15
2016-05-09 20:46:19 21
2016-05-09 20:46:19 22
2016-05-09 20:46:19 16
2016-05-09 20:46:19 22
2016-05-09 20:46:20 23
2016-05-09 20:46:20 17
2016-05-09 20:46:20 23
2016-05-09 20:46:20 24
2016-05-09 20:46:20 18
2016-05-09 20:46:20 24
2016-05-09 20:46:20 25
2016-05-09 20:46:20 19
2016-05-09 20:46:20 25
2016-05-09 20:46:21 26
2016-05-09 20:46:21 26
2016-05-09 20:46:21 27
2016-05-09 20:46:21 27
2016-05-09 20:46:21 28
2016-05-09 20:46:21 28
2016-05-09 20:46:21 29
2016-05-09 20:46:21 29
2016-05-09 20:46:22 30
2016-05-09 20:46:22 30
2016-05-09 20:46:22 31
2016-05-09 20:46:22 32
2016-05-09 20:46:22 33
2016-05-09 20:46:23 34
2016-05-09 20:46:23 35
2016-05-09 20:46:23 36
2016-05-09 20:46:23 37
2016-05-09 20:46:23 38
2016-05-09 20:46:23 31
2016-05-09 20:46:24 39
2016-05-09 20:46:24 32
2016-05-09 20:46:24 40
2016-05-09 20:46:24 33
2016-05-09 20:46:24 41
2016-05-09 20:46:24 20
2016-05-09 20:46:24 34
2016-05-09 20:46:24 42
2016-05-09 20:46:24 35
2016-05-09 20:46:25 43
2016-05-09 20:46:25 36
2016-05-09 20:46:25 44
2016-05-09 20:46:25 37
2016-05-09 20:46:25 45
2016-05-09 20:46:25 38
2016-05-09 20:46:25 46
2016-05-09 20:46:26 39
2016-05-09 20:46:26 47
2016-05-09 20:46:26 48
2016-05-09 20:46:26 49
2016-05-09 20:46:26 40
2016-05-09 20:46:26 50
2016-05-09 20:46:26 41
2016-05-09 20:46:27 51
2016-05-09 20:46:27 42
2016-05-09 20:46:27 52
2016-05-09 20:46:27 43
2016-05-09 20:46:27 53
2016-05-09 20:46:27 44
2016-05-09 20:46:27 54
2016-05-09 20:46:27 45
2016-05-09 20:46:28 55
2016-05-09 20:46:28 46
2016-05-09 20:46:28 56
2016-05-09 20:46:28 21
2016-05-09 20:46:28 47
2016-05-09 20:46:28 57
2016-05-09 20:46:28 48
2016-05-09 20:46:28 58
2016-05-09 20:46:29 22
2016-05-09 20:46:29 49
2016-05-09 20:46:29 59
2016-05-09 20:46:29 23
2016-05-09 20:46:29 50
2016-05-09 20:46:29 60
2016-05-09 20:46:29 51
2016-05-09 20:46:29 61
2016-05-09 20:46:29 52
2016-05-09 20:46:30 62
2016-05-09 20:46:30 53
2016-05-09 20:46:30 63
2016-05-09 20:46:30 54
2016-05-09 20:46:30 64
2016-05-09 20:46:30 55
2016-05-09 20:46:31 65
2016-05-09 20:46:31 66
2016-05-09 20:46:31 56
2016-05-09 20:46:31 67
2016-05-09 20:46:31 57
2016-05-09 20:46:31 68
2016-05-09 20:46:31 24
2016-05-09 20:46:31 58
2016-05-09 20:46:32 69
2016-05-09 20:46:32 25
2016-05-09 20:46:32 59
2016-05-09 20:46:32 70
2016-05-09 20:46:32 26
2016-05-09 20:46:32 60
2016-05-09 20:46:32 71
2016-05-09 20:46:32 27
2016-05-09 20:46:32 61
2016-05-09 20:46:33 72
2016-05-09 20:46:33 28
2016-05-09 20:46:33 62
2016-05-09 20:46:33 73
2016-05-09 20:46:33 29
2016-05-09 20:46:33 63
2016-05-09 20:46:33 74
2016-05-09 20:46:33 30
2016-05-09 20:46:33 64
2016-05-09 20:46:34 75
2016-05-09 20:46:34 31
2016-05-09 20:46:34 65
2016-05-09 20:46:34 76
2016-05-09 20:46:34 32
2016-05-09 20:46:34 66
2016-05-09 20:46:34 77
2016-05-09 20:46:34 33
2016-05-09 20:46:34 67
2016-05-09 20:46:34 78
2016-05-09 20:46:34 34
2016-05-09 20:46:34 68
2016-05-09 20:46:35 79
2016-05-09 20:46:35 35
2016-05-09 20:46:35 69
2016-05-09 20:46:35 80
2016-05-09 20:46:35 36
2016-05-09 20:46:35 70
2016-05-09 20:46:35 81
2016-05-09 20:46:35 37
2016-05-09 20:46:35 71
2016-05-09 20:46:36 82
2016-05-09 20:46:36 38
2016-05-09 20:46:36 72
2016-05-09 20:46:36 83
2016-05-09 20:46:36 39
2016-05-09 20:46:36 73
2016-05-09 20:46:36 84
2016-05-09 20:46:36 40
2016-05-09 20:46:36 74
2016-05-09 20:46:36 85
2016-05-09 20:46:36 41
2016-05-09 20:46:36 75
2016-05-09 20:46:37 86
2016-05-09 20:46:37 42
2016-05-09 20:46:37 76
2016-05-09 20:46:37 87
2016-05-09 20:46:37 43
2016-05-09 20:46:37 77
2016-05-09 20:46:37 88
2016-05-09 20:46:37 44
2016-05-09 20:46:37 78
2016-05-09 20:46:38 89
2016-05-09 20:46:38 79
2016-05-09 20:46:38 90
2016-05-09 20:46:38 45
2016-05-09 20:46:38 80
2016-05-09 20:46:38 91
2016-05-09 20:46:38 46
2016-05-09 20:46:38 81
2016-05-09 20:46:38 92
2016-05-09 20:46:38 47
2016-05-09 20:46:39 82
2016-05-09 20:46:39 93
2016-05-09 20:46:39 83
2016-05-09 20:46:39 94
2016-05-09 20:46:39 84
2016-05-09 20:46:39 95
2016-05-09 20:46:39 85
2016-05-09 20:46:39 96
2016-05-09 20:46:40 97
2016-05-09 20:46:40 98
2016-05-09 20:46:40 86
2016-05-09 20:46:40 99
2016-05-09 20:46:40 100
2016-05-09 20:46:41 101
2016-05-09 20:46:41 87
2016-05-09 20:46:41 102
2016-05-09 20:46:41 88
2016-05-09 20:46:41 103
2016-05-09 20:46:41 89
2016-05-09 20:46:41 104
2016-05-09 20:46:41 90
2016-05-09 20:46:42 105
2016-05-09 20:46:42 106
2016-05-09 20:46:42 107
2016-05-09 20:46:42 91
2016-05-09 20:46:42 108
2016-05-09 20:46:42 92
2016-05-09 20:46:43 109
2016-05-09 20:46:43 93
2016-05-09 20:46:43 110
2016-05-09 20:46:43 94
2016-05-09 20:46:43 111
2016-05-09 20:46:43 48
2016-05-09 20:46:43 95
2016-05-09 20:46:43 112
2016-05-09 20:46:43 49
2016-05-09 20:46:43 96
2016-05-09 20:46:44 113
2016-05-09 20:46:44 50
2016-05-09 20:46:44 97
2016-05-09 20:46:44 114
2016-05-09 20:46:44 98
2016-05-09 20:46:44 115
2016-05-09 20:46:44 99
2016-05-09 20:46:44 116
2016-05-09 20:46:44 51
2016-05-09 20:46:44 100
2016-05-09 20:46:45 117
2016-05-09 20:46:45 101
2016-05-09 20:46:45 118
2016-05-09 20:46:45 52
2016-05-09 20:46:45 102
2016-05-09 20:46:45 119
2016-05-09 20:46:45 103
2016-05-09 20:46:45 120
2016-05-09 20:46:46 53
2016-05-09 20:46:46 104
2016-05-09 20:46:46 121
2016-05-09 20:46:46 54
2016-05-09 20:46:46 105
2016-05-09 20:46:46 122
2016-05-09 20:46:46 55
2016-05-09 20:46:46 106
2016-05-09 20:46:46 123
2016-05-09 20:46:46 56
2016-05-09 20:46:46 107
2016-05-09 20:46:47 124
2016-05-09 20:46:47 57
2016-05-09 20:46:47 108
2016-05-09 20:46:47 125
2016-05-09 20:46:47 109
2016-05-09 20:46:47 126
2016-05-09 20:46:47 58
2016-05-09 20:46:47 110
2016-05-09 20:46:48 127
2016-05-09 20:46:48 111
2016-05-09 20:46:48 128
2016-05-09 20:46:48 129
2016-05-09 20:46:48 112
2016-05-09 20:46:48 130
2016-05-09 20:46:48 113
2016-05-09 20:46:49 131
2016-05-09 20:46:49 114
2016-05-09 20:46:49 132
2016-05-09 20:46:49 133
2016-05-09 20:46:49 115
2016-05-09 20:46:49 134
2016-05-09 20:46:49 59
2016-05-09 20:46:49 116
2016-05-09 20:46:50 135
2016-05-09 20:46:50 117
2016-05-09 20:46:50 136
2016-05-09 20:46:50 60
2016-05-09 20:46:50 118
2016-05-09 20:46:50 137
2016-05-09 20:46:50 61
2016-05-09 20:46:50 119
2016-05-09 20:46:51 138
2016-05-09 20:46:51 62
2016-05-09 20:46:51 120
2016-05-09 20:46:51 139
2016-05-09 20:46:51 63
2016-05-09 20:46:51 121
2016-05-09 20:46:51 140
2016-05-09 20:46:51 64
2016-05-09 20:46:51 122
2016-05-09 20:46:52 141
2016-05-09 20:46:52 65
2016-05-09 20:46:52 123
2016-05-09 20:46:52 142
2016-05-09 20:46:52 66
2016-05-09 20:46:52 124
2016-05-09 20:46:52 143
2016-05-09 20:46:52 67
2016-05-09 20:46:52 125
2016-05-09 20:46:53 144
2016-05-09 20:46:53 68
2016-05-09 20:46:53 126
2016-05-09 20:46:53 145
2016-05-09 20:46:53 69
2016-05-09 20:46:53 127
2016-05-09 20:46:53 146
2016-05-09 20:46:53 70
2016-05-09 20:46:53 128
2016-05-09 20:46:53 147
2016-05-09 20:46:53 71
2016-05-09 20:46:53 129
2016-05-09 20:46:54 148
2016-05-09 20:46:54 72
2016-05-09 20:46:54 130
2016-05-09 20:46:54 149
2016-05-09 20:46:54 73
2016-05-09 20:46:54 131
2016-05-09 20:46:54 150
2016-05-09 20:46:54 74
2016-05-09 20:46:54 132
2016-05-09 20:46:55 151
2016-05-09 20:46:55 75
2016-05-09 20:46:55 133
2016-05-09 20:46:55 152
2016-05-09 20:46:55 76
2016-05-09 20:46:55 134
2016-05-09 20:46:55 153
2016-05-09 20:46:55 77
2016-05-09 20:46:55 135
2016-05-09 20:46:55 154
2016-05-09 20:46:55 78
2016-05-09 20:46:56 136
2016-05-09 20:46:56 155
2016-05-09 20:46:56 79
2016-05-09 20:46:56 137
2016-05-09 20:46:56 156
2016-05-09 20:46:56 80
2016-05-09 20:46:56 138
2016-05-09 20:46:56 157
2016-05-09 20:46:56 139
2016-05-09 20:46:57 158
2016-05-09 20:46:57 140
2016-05-09 20:46:57 159
2016-05-09 20:46:57 141
2016-05-09 20:46:57 160
2016-05-09 20:46:57 81
2016-05-09 20:46:57 142
2016-05-09 20:46:57 161
2016-05-09 20:46:57 82
2016-05-09 20:46:57 143
2016-05-09 20:46:58 162
2016-05-09 20:46:58 83
2016-05-09 20:46:58 144
2016-05-09 20:46:58 163
2016-05-09 20:46:58 84
2016-05-09 20:46:58 145
2016-05-09 20:46:58 164
2016-05-09 20:46:58 85
2016-05-09 20:46:58 146
2016-05-09 20:46:59 165
2016-05-09 20:46:59 86
2016-05-09 20:46:59 147
2016-05-09 20:46:59 166
2016-05-09 20:46:59 87
2016-05-09 20:46:59 148
2016-05-09 20:46:59 167
2016-05-09 20:46:59 88
2016-05-09 20:46:59 149
2016-05-09 20:46:59 168
2016-05-09 20:47:00 89
2016-05-09 20:47:00 150
2016-05-09 20:47:00 169
2016-05-09 20:47:00 90
2016-05-09 20:47:00 151
2016-05-09 20:47:00 170
2016-05-09 20:47:00 91
2016-05-09 20:47:00 152
2016-05-09 20:47:00 171
2016-05-09 20:47:01 153
2016-05-09 20:47:01 172
2016-05-09 20:47:01 92
2016-05-09 20:47:01 154
2016-05-09 20:47:01 173
2016-05-09 20:47:01 155
2016-05-09 20:47:01 174
2016-05-09 20:47:01 156
2016-05-09 20:47:02 175
2016-05-09 20:47:02 157
2016-05-09 20:47:02 176
2016-05-09 20:47:02 158
2016-05-09 20:47:02 177
2016-05-09 20:47:02 93
2016-05-09 20:47:02 159
2016-05-09 20:47:02 178
2016-05-09 20:47:02 94
2016-05-09 20:47:02 160
2016-05-09 20:47:03 179
2016-05-09 20:47:03 95
2016-05-09 20:47:03 161
2016-05-09 20:47:03 180
2016-05-09 20:47:03 96
2016-05-09 20:47:03 162
2016-05-09 20:47:03 181
2016-05-09 20:47:03 97
2016-05-09 20:47:03 163
2016-05-09 20:47:03 182
2016-05-09 20:47:04 98
2016-05-09 20:47:04 164
2016-05-09 20:47:04 183
2016-05-09 20:47:04 99
2016-05-09 20:47:04 165
2016-05-09 20:47:04 184
2016-05-09 20:47:04 100
2016-05-09 20:47:04 166
2016-05-09 20:47:04 185
2016-05-09 20:47:04 101
2016-05-09 20:47:04 167
2016-05-09 20:47:05 186
2016-05-09 20:47:05 102
2016-05-09 20:47:05 168
2016-05-09 20:47:05 187
2016-05-09 20:47:05 103
2016-05-09 20:47:05 169
2016-05-09 20:47:05 188
2016-05-09 20:47:05 170
2016-05-09 20:47:05 189
2016-05-09 20:47:06 171
2016-05-09 20:47:06 190
2016-05-09 20:47:06 172
2016-05-09 20:47:06 191
2016-05-09 20:47:06 104
2016-05-09 20:47:06 173
2016-05-09 20:47:06 192
2016-05-09 20:47:06 105
2016-05-09 20:47:06 174
2016-05-09 20:47:07 193
2016-05-09 20:47:07 175
2016-05-09 20:47:07 194
2016-05-09 20:47:07 176
2016-05-09 20:47:07 195
2016-05-09 20:47:07 177
2016-05-09 20:47:07 196
2016-05-09 20:47:07 178
2016-05-09 20:47:08 197
2016-05-09 20:47:08 179
2016-05-09 20:47:08 198
2016-05-09 20:47:08 180
2016-05-09 20:47:08 199
2016-05-09 20:47:08 181
2016-05-09 20:47:08 200
2016-05-09 20:47:08 182
2016-05-09 20:47:09 201
2016-05-09 20:47:09 183
2016-05-09 20:47:09 202
2016-05-09 20:47:09 106
2016-05-09 20:47:09 184
2016-05-09 20:47:09 203
2016-05-09 20:47:09 107
2016-05-09 20:47:09 185
2016-05-09 20:47:09 204
2016-05-09 20:47:09 108
2016-05-09 20:47:10 186
2016-05-09 20:47:10 205
2016-05-09 20:47:10 109
2016-05-09 20:47:10 187
2016-05-09 20:47:10 206
2016-05-09 20:47:10 110
2016-05-09 20:47:10 188
2016-05-09 20:47:10 207
2016-05-09 20:47:10 111
2016-05-09 20:47:11 189
2016-05-09 20:47:11 208
2016-05-09 20:47:11 112
2016-05-09 20:47:11 190
2016-05-09 20:47:11 209
2016-05-09 20:47:11 113
2016-05-09 20:47:11 191
2016-05-09 20:47:11 210
2016-05-09 20:47:11 114
2016-05-09 20:47:11 192
2016-05-09 20:47:12 211
2016-05-09 20:47:12 115
2016-05-09 20:47:12 193
2016-05-09 20:47:12 212
2016-05-09 20:47:12 116
2016-05-09 20:47:12 194
2016-05-09 20:47:12 213
2016-05-09 20:47:12 117
2016-05-09 20:47:12 195
2016-05-09 20:47:13 214
2016-05-09 20:47:13 118
2016-05-09 20:47:13 196
2016-05-09 20:47:13 215
2016-05-09 20:47:13 197
2016-05-09 20:47:13 216
2016-05-09 20:47:13 198
2016-05-09 20:47:13 217
2016-05-09 20:47:13 199
2016-05-09 20:47:14 218
2016-05-09 20:47:14 200
2016-05-09 20:47:14 219
2016-05-09 20:47:14 201
2016-05-09 20:47:14 220
2016-05-09 20:47:14 202
2016-05-09 20:47:14 221
2016-05-09 20:47:15 222
2016-05-09 20:47:15 223
2016-05-09 20:47:15 224
2016-05-09 20:47:15 203
2016-05-09 20:47:15 225
2016-05-09 20:47:15 204
2016-05-09 20:47:16 226
2016-05-09 20:47:16 205
2016-05-09 20:47:16 227
2016-05-09 20:47:16 206
2016-05-09 20:47:16 228
2016-05-09 20:47:16 119
2016-05-09 20:47:16 207
2016-05-09 20:47:16 229
2016-05-09 20:47:16 120
2016-05-09 20:47:16 208
2016-05-09 20:47:17 230
2016-05-09 20:47:17 121
2016-05-09 20:47:17 209
2016-05-09 20:47:17 231
2016-05-09 20:47:17 122
2016-05-09 20:47:17 210
2016-05-09 20:47:17 232
2016-05-09 20:47:17 123
2016-05-09 20:47:17 211
2016-05-09 20:47:18 233
2016-05-09 20:47:18 124
2016-05-09 20:47:18 212
2016-05-09 20:47:18 234
2016-05-09 20:47:18 125
2016-05-09 20:47:18 213
2016-05-09 20:47:18 235
2016-05-09 20:47:18 126
2016-05-09 20:47:18 214
2016-05-09 20:47:18 236
2016-05-09 20:47:18 127
2016-05-09 20:47:18 1
2016-05-09 20:47:19 215
2016-05-09 20:47:19 237
2016-05-09 20:47:19 128
2016-05-09 20:47:19 2
2016-05-09 20:47:19 216
2016-05-09 20:47:19 238
2016-05-09 20:47:19 129
2016-05-09 20:47:19 217
2016-05-09 20:47:19 239
2016-05-09 20:47:19 130
2016-05-09 20:47:19 3
2016-05-09 20:47:19 218
2016-05-09 20:47:20 240
2016-05-09 20:47:20 131
2016-05-09 20:47:20 219
2016-05-09 20:47:20 241
2016-05-09 20:47:20 132
2016-05-09 20:47:20 4
2016-05-09 20:47:20 220
2016-05-09 20:47:20 242
2016-05-09 20:47:20 133
2016-05-09 20:47:20 221
2016-05-09 20:47:21 243
2016-05-09 20:47:21 134
2016-05-09 20:47:21 222
2016-05-09 20:47:21 244
2016-05-09 20:47:21 135
2016-05-09 20:47:21 223
2016-05-09 20:47:21 245
2016-05-09 20:47:21 136
2016-05-09 20:47:21 224
2016-05-09 20:47:21 246
2016-05-09 20:47:21 225
2016-05-09 20:47:22 247
2016-05-09 20:47:22 226
2016-05-09 20:47:22 248
2016-05-09 20:47:22 249
2016-05-09 20:47:22 250
2016-05-09 20:47:23 251
2016-05-09 20:47:23 252
2016-05-09 20:47:23 137
2016-05-09 20:47:23 227
2016-05-09 20:47:23 253
2016-05-09 20:47:23 138
2016-05-09 20:47:23 228
2016-05-09 20:47:23 254
2016-05-09 20:47:23 139
2016-05-09 20:47:23 229
2016-05-09 20:47:24 255
2016-05-09 20:47:24 140
2016-05-09 20:47:24 230
2016-05-09 20:47:24 256
2016-05-09 20:47:24 141
2016-05-09 20:47:24 231
2016-05-09 20:47:24 257
2016-05-09 20:47:24 142
2016-05-09 20:47:24 232
2016-05-09 20:47:25 258
2016-05-09 20:47:25 143
2016-05-09 20:47:25 233
2016-05-09 20:47:25 259
2016-05-09 20:47:25 144
2016-05-09 20:47:25 234
2016-05-09 20:47:25 260
2016-05-09 20:47:25 145
2016-05-09 20:47:25 235
2016-05-09 20:47:25 261
2016-05-09 20:47:25 146
2016-05-09 20:47:25 236
2016-05-09 20:47:26 262
2016-05-09 20:47:26 147
2016-05-09 20:47:26 237
2016-05-09 20:47:26 263
2016-05-09 20:47:26 148
2016-05-09 20:47:26 238
2016-05-09 20:47:26 264
2016-05-09 20:47:26 149
2016-05-09 20:47:26 239
2016-05-09 20:47:27 265
2016-05-09 20:47:27 150
2016-05-09 20:47:27 240
2016-05-09 20:47:27 266
2016-05-09 20:47:27 151
2016-05-09 20:47:27 241
2016-05-09 20:47:27 267
2016-05-09 20:47:27 152
2016-05-09 20:47:27 242
2016-05-09 20:47:27 268
2016-05-09 20:47:27 153
2016-05-09 20:47:28 243
2016-05-09 20:47:28 269
2016-05-09 20:47:28 154
2016-05-09 20:47:28 244
2016-05-09 20:47:28 270
2016-05-09 20:47:28 155
2016-05-09 20:47:28 245
2016-05-09 20:47:28 271
2016-05-09 20:47:28 156
2016-05-09 20:47:29 246
2016-05-09 20:47:29 272
2016-05-09 20:47:29 157
2016-05-09 20:47:29 247
2016-05-09 20:47:29 273
2016-05-09 20:47:29 158
2016-05-09 20:47:29 248
2016-05-09 20:47:29 274
2016-05-09 20:47:29 159
2016-05-09 20:47:29 249
2016-05-09 20:47:30 275
2016-05-09 20:47:30 160
2016-05-09 20:47:30 250
2016-05-09 20:47:30 276
2016-05-09 20:47:30 251
2016-05-09 20:47:30 277
2016-05-09 20:47:30 252
2016-05-09 20:47:31 278
2016-05-09 20:47:31 253
2016-05-09 20:47